2025-11-16 04:24:53,164 - INFO - url: https://tmxk.pp.ua/smart-cn.m3u 获取成功，判断为标准的M3U格式
2025-11-16 04:24:53,165 - INFO - url: https://tmxk.pp.ua/smart-cn.m3u 识别为非标准格式，将使用默认分类“无分类”
2025-11-16 04:24:53,166 - WARNING - url: https://tmxk.pp.ua/smart-cn.m3u 中有无法解析的行: #EXTM3U
2025-11-16 04:24:53,166 - WARNING - url: https://tmxk.pp.ua/smart-cn.m3u 中有无法解析的行: #EXTM3U x-tvg-url="https://epg.iill.top/epg.xml"
2025-11-16 04:24:53,166 - WARNING - url: https://tmxk.pp.ua/smart-cn.m3u 中有无法解析的行: https://smart.dxjc.pp.ua/smart.php?id=jade_twn&token=tmxk
2025-11-16 04:24:53,166 - WARNING - url: https://tmxk.pp.ua/smart-cn.m3u 中有无法解析的行: https://smart.dxjc.pp.ua/smart.php?id=Jade_xue&token=tmxk
2025-11-16 04:24:53,166 - WARNING - url: https://tmxk.pp.ua/smart-cn.m3u 中有无法解析的行: https://smart.dxjc.pp.ua/smart.php?id=pearl_twn&token=tmxk
2025-11-16 04:24:53,166 - WARNING - url: https://tmxk.pp.ua/smart-cn.m3u 中有无法解析的行: https://smart.dxjc.pp.ua/smart.php?id=inews_twn&token=tmxk
2025-11-16 04:24:53,166 - WARNING - url: https://tmxk.pp.ua/smart-cn.m3u 中有无法解析的行: https://smart.dxjc.pp.ua/smart.php?id=j2_twn&token=tmxk
2025-11-16 04:24:53,166 - WARNING - url: https://tmxk.pp.ua/smart-cn.m3u 中有无法解析的行: https://smart.dxjc.pp.ua/smart.php?id=viu1_twn&token=tmxk
2025-11-16 04:24:53,166 - WARNING - url: https://tmxk.pp.ua/smart-cn.m3u 中有无法解析的行: https://smart.dxjc.pp.ua/smart.php?id=viusix_twn&token=tmxk
2025-11-16 04:24:53,166 - WARNING - url: https://tmxk.pp.ua/smart-cn.m3u 中有无法解析的行: https://smart.dxjc.pp.ua/smart.php?id=rhk31_twn&token=tmxk
2025-11-16 04:24:53,166 - WARNING - url: https://tmxk.pp.ua/smart-cn.m3u 中有无法解析的行: https://smart.dxjc.pp.ua/smart.php?id=rhk32_twn&token=tmxk
2025-11-16 04:24:53,166 - WARNING - url: https://tmxk.pp.ua/smart-cn.m3u 中有无法解析的行: https://smart.dxjc.pp.ua/smart.php?id=hoycaijing_twn&token=tmxk
2025-11-16 04:24:53,166 - WARNING - url: https://tmxk.pp.ua/smart-cn.m3u 中有无法解析的行: https://smart.dxjc.pp.ua/smart.php?id=phoenixtv_hd&token=tmxk
2025-11-16 04:24:53,167 - WARNING - url: https://tmxk.pp.ua/smart-cn.m3u 中有无法解析的行: https://smart.dxjc.pp.ua/smart.php?id=phoenixinfo_hd&token=tmxk
2025-11-16 04:24:53,167 - WARNING - url: https://tmxk.pp.ua/smart-cn.m3u 中有无法解析的行: https://smart.dxjc.pp.ua/smart.php?id=hkphoenix_twn&token=tmxk
2025-11-16 04:24:53,167 - WARNING - url: https://tmxk.pp.ua/smart-cn.m3u 中有无法解析的行: https://smart.dxjc.pp.ua/smart.php?id=ttv_taiwan&token=tmxk
2025-11-16 04:24:53,167 - WARNING - url: https://tmxk.pp.ua/smart-cn.m3u 中有无法解析的行: https://smart.dxjc.pp.ua/smart.php?id=ttvnews_twn&token=tmxk
2025-11-16 04:24:53,167 - WARNING - url: https://tmxk.pp.ua/smart-cn.m3u 中有无法解析的行: https://smart.dxjc.pp.ua/smart.php?id=ttvzhonghe&token=tmxk
2025-11-16 04:24:53,167 - WARNING - url: https://tmxk.pp.ua/smart-cn.m3u 中有无法解析的行: https://smart.dxjc.pp.ua/smart.php?id=zhongshihd_twn&token=tmxk
2025-11-16 04:24:53,167 - WARNING - url: https://tmxk.pp.ua/smart-cn.m3u 中有无法解析的行: https://smart.dxjc.pp.ua/smart.php?id=zhongshinews_twn&token=tmxk
2025-11-16 04:24:53,167 - WARNING - url: https://tmxk.pp.ua/smart-cn.m3u 中有无法解析的行: https://smart.dxjc.pp.ua/smart.php?id=zhongshi_twn&token=tmxk
2025-11-16 04:24:53,167 - WARNING - url: https://tmxk.pp.ua/smart-cn.m3u 中有无法解析的行: https://smart.dxjc.pp.ua/smart.php?id=ctshd_twn&token=tmxk
2025-11-16 04:24:53,167 - WARNING - url: https://tmxk.pp.ua/smart-cn.m3u 中有无法解析的行: https://smart.dxjc.pp.ua/smart.php?id=ctv_taiwan&token=tmxk
2025-11-16 04:24:53,167 - WARNING - url: https://tmxk.pp.ua/smart-cn.m3u 中有无法解析的行: https://smart.dxjc.pp.ua/smart.php?id=ctv2_twn&token=tmxk
2025-11-16 04:24:53,167 - WARNING - url: https://tmxk.pp.ua/smart-cn.m3u 中有无法解析的行: https://smart.dxjc.pp.ua/smart.php?id=sanlitaiwan&token=tmxk
2025-11-16 04:24:53,167 - WARNING - url: https://tmxk.pp.ua/smart-cn.m3u 中有无法解析的行: https://smart.dxjc.pp.ua/smart.php?id=sanlidouhui&token=tmxk
2025-11-16 04:24:53,167 - WARNING - url: https://tmxk.pp.ua/smart-cn.m3u 中有无法解析的行: https://smart.dxjc.pp.ua/smart.php?id=sanlizhonghe&token=tmxk
2025-11-16 04:24:53,167 - WARNING - url: https://tmxk.pp.ua/smart-cn.m3u 中有无法解析的行: https://smart.dxjc.pp.ua/smart.php?id=sanlixiju_twn&token=tmxk
2025-11-16 04:24:53,168 - WARNING - url: https://tmxk.pp.ua/smart-cn.m3u 中有无法解析的行: https://smart.dxjc.pp.ua/smart.php?id=ettvnews&token=tmxk
2025-11-16 04:24:53,168 - WARNING - url: https://tmxk.pp.ua/smart-cn.m3u 中有无法解析的行: https://smart.dxjc.pp.ua/smart.php?id=ettvcaijing_twn&token=tmxk
2025-11-16 04:24:53,168 - WARNING - url: https://tmxk.pp.ua/smart-cn.m3u 中有无法解析的行: https://smart.dxjc.pp.ua/smart.php?id=ettvzhonghe&token=tmxk
2025-11-16 04:24:53,168 - WARNING - url: https://tmxk.pp.ua/smart-cn.m3u 中有无法解析的行: https://smart.dxjc.pp.ua/smart.php?id=ettvdrama&token=tmxk
2025-11-16 04:24:53,168 - WARNING - url: https://tmxk.pp.ua/smart-cn.m3u 中有无法解析的行: https://smart.dxjc.pp.ua/smart.php?id=ettvmovie&token=tmxk
2025-11-16 04:24:53,168 - WARNING - url: https://tmxk.pp.ua/smart-cn.m3u 中有无法解析的行: https://smart.dxjc.pp.ua/smart.php?id=ettvwestern&token=tmxk
2025-11-16 04:24:53,168 - WARNING - url: https://tmxk.pp.ua/smart-cn.m3u 中有无法解析的行: https://smart.dxjc.pp.ua/smart.php?id=yoyo_twn&token=tmxk
2025-11-16 04:24:53,168 - WARNING - url: https://tmxk.pp.ua/smart-cn.m3u 中有无法解析的行: https://smart.dxjc.pp.ua/smart.php?id=ettvsuper&token=tmxk
2025-11-16 04:24:53,168 - WARNING - url: https://tmxk.pp.ua/smart-cn.m3u 中有无法解析的行: https://smart.dxjc.pp.ua/smart.php?id=tvbs&token=tmxk
2025-11-16 04:24:53,168 - WARNING - url: https://tmxk.pp.ua/smart-cn.m3u 中有无法解析的行: https://smart.dxjc.pp.ua/smart.php?id=tvbs_n&token=tmxk
2025-11-16 04:24:53,168 - WARNING - url: https://tmxk.pp.ua/smart-cn.m3u 中有无法解析的行: https://smart.dxjc.pp.ua/smart.php?id=tvbshuanle_twn&token=tmxk
2025-11-16 04:24:53,168 - WARNING - url: https://tmxk.pp.ua/smart-cn.m3u 中有无法解析的行: https://smart.dxjc.pp.ua/smart.php?id=ftvhd_taiwan&token=tmxk
2025-11-16 04:24:53,168 - WARNING - url: https://tmxk.pp.ua/smart-cn.m3u 中有无法解析的行: https://smart.dxjc.pp.ua/smart.php?id=ftvnew_taiwan&token=tmxk
2025-11-16 04:24:53,168 - WARNING - url: https://tmxk.pp.ua/smart-cn.m3u 中有无法解析的行: https://smart.dxjc.pp.ua/smart.php?id=ftvtaiwan_twn&token=tmxk
2025-11-16 04:24:53,168 - WARNING - url: https://tmxk.pp.ua/smart-cn.m3u 中有无法解析的行: https://smart.dxjc.pp.ua/smart.php?id=ctizhonghe&token=tmxk
2025-11-16 04:24:53,169 - WARNING - url: https://tmxk.pp.ua/smart-cn.m3u 中有无法解析的行: https://smart.dxjc.pp.ua/smart.php?id=ctient&token=tmxk
2025-11-16 04:24:53,169 - WARNING - url: https://tmxk.pp.ua/smart-cn.m3u 中有无法解析的行: https://smart.dxjc.pp.ua/smart.php?id=ctiasia_twn&token=tmxk
2025-11-16 04:24:53,169 - WARNING - url: https://tmxk.pp.ua/smart-cn.m3u 中有无法解析的行: https://smart.dxjc.pp.ua/smart.php?id=ctinews&token=tmxk
2025-11-16 04:24:53,169 - WARNING - url: https://tmxk.pp.ua/smart-cn.m3u 中有无法解析的行: https://smart.dxjc.pp.ua/smart.php?id=huanyuxinwen_twn&token=tmxk
2025-11-16 04:24:53,169 - WARNING - url: https://tmxk.pp.ua/smart-cn.m3u 中有无法解析的行: https://smart.dxjc.pp.ua/smart.php?id=huanyutaiwan_twn&token=tmxk
2025-11-16 04:24:53,169 - WARNING - url: https://tmxk.pp.ua/smart-cn.m3u 中有无法解析的行: https://smart.dxjc.pp.ua/smart.php?id=badafirst&token=tmxk
2025-11-16 04:24:53,169 - WARNING - url: https://tmxk.pp.ua/smart-cn.m3u 中有无法解析的行: https://smart.dxjc.pp.ua/smart.php?id=badazhonghe&token=tmxk
2025-11-16 04:24:53,169 - WARNING - url: https://tmxk.pp.ua/smart-cn.m3u 中有无法解析的行: https://smart.dxjc.pp.ua/smart.php?id=badadrama&token=tmxk
2025-11-16 04:24:53,169 - WARNING - url: https://tmxk.pp.ua/smart-cn.m3u 中有无法解析的行: https://smart.dxjc.pp.ua/smart.php?id=badaentertain&token=tmxk
2025-11-16 04:24:53,169 - WARNING - url: https://tmxk.pp.ua/smart-cn.m3u 中有无法解析的行: https://smart.dxjc.pp.ua/smart.php?id=videolandsport&token=tmxk
2025-11-16 04:24:53,169 - WARNING - url: https://tmxk.pp.ua/smart-cn.m3u 中有无法解析的行: https://smart.dxjc.pp.ua/smart.php?id=videolandspecial_twn&token=tmxk
2025-11-16 04:24:53,169 - WARNING - url: https://tmxk.pp.ua/smart-cn.m3u 中有无法解析的行: https://smart.dxjc.pp.ua/smart.php?id=videolandjapan&token=tmxk
2025-11-16 04:24:53,169 - WARNING - url: https://tmxk.pp.ua/smart-cn.m3u 中有无法解析的行: https://smart.dxjc.pp.ua/smart.php?id=videolandmovie&token=tmxk
2025-11-16 04:24:53,169 - WARNING - url: https://tmxk.pp.ua/smart-cn.m3u 中有无法解析的行: https://smart.dxjc.pp.ua/smart.php?id=videolandzonghe&token=tmxk
2025-11-16 04:24:53,169 - WARNING - url: https://tmxk.pp.ua/smart-cn.m3u 中有无法解析的行: https://smart.dxjc.pp.ua/smart.php?id=videolandyule&token=tmxk
2025-11-16 04:24:53,169 - WARNING - url: https://tmxk.pp.ua/smart-cn.m3u 中有无法解析的行: https://smart.dxjc.pp.ua/smart.php?id=eltazonghe_twn&token=tmxk
2025-11-16 04:24:53,170 - WARNING - url: https://tmxk.pp.ua/smart-cn.m3u 中有无法解析的行: https://smart.dxjc.pp.ua/smart.php?id=eltayingju_twn&token=tmxk
2025-11-16 04:24:53,170 - WARNING - url: https://tmxk.pp.ua/smart-cn.m3u 中有无法解析的行: https://smart.dxjc.pp.ua/smart.php?id=eltasport_twn&token=tmxk
2025-11-16 04:24:53,170 - WARNING - url: https://tmxk.pp.ua/smart-cn.m3u 中有无法解析的行: https://smart.dxjc.pp.ua/smart.php?id=eltasport2_twn&token=tmxk
2025-11-16 04:24:53,170 - WARNING - url: https://tmxk.pp.ua/smart-cn.m3u 中有无法解析的行: https://smart.dxjc.pp.ua/smart.php?id=eltasport3_twn&token=tmxk
2025-11-16 04:24:53,170 - WARNING - url: https://tmxk.pp.ua/smart-cn.m3u 中有无法解析的行: https://smart.dxjc.pp.ua/smart.php?id=feifannews_twn&token=tmxk
2025-11-16 04:24:53,170 - WARNING - url: https://tmxk.pp.ua/smart-cn.m3u 中有无法解析的行: https://smart.dxjc.pp.ua/smart.php?id=niandainews_twn&token=tmxk
2025-11-16 04:24:53,170 - WARNING - url: https://tmxk.pp.ua/smart-cn.m3u 中有无法解析的行: https://smart.dxjc.pp.ua/smart.php?id=lunghuaxiju_twn&token=tmxk
2025-11-16 04:24:53,170 - WARNING - url: https://tmxk.pp.ua/smart-cn.m3u 中有无法解析的行: https://smart.dxjc.pp.ua/smart.php?id=lunghuaidol_twn&token=tmxk
2025-11-16 04:24:53,170 - WARNING - url: https://tmxk.pp.ua/smart-cn.m3u 中有无法解析的行: https://smart.dxjc.pp.ua/smart.php?id=xingwei_movie&token=tmxk
2025-11-16 04:24:53,170 - WARNING - url: https://tmxk.pp.ua/smart-cn.m3u 中有无法解析的行: https://smart.dxjc.pp.ua/smart.php?id=lunghuawestern_twn&token=tmxk
2025-11-16 04:24:53,170 - WARNING - url: https://tmxk.pp.ua/smart-cn.m3u 中有无法解析的行: https://smart.dxjc.pp.ua/smart.php?id=lunghuajingdian_twn&token=tmxk
2025-11-16 04:24:53,170 - WARNING - url: https://tmxk.pp.ua/smart-cn.m3u 中有无法解析的行: https://smart.dxjc.pp.ua/smart.php?id=jingtianintl_twn&token=tmxk
2025-11-16 04:24:53,170 - WARNING - url: https://tmxk.pp.ua/smart-cn.m3u 中有无法解析的行: https://smart.dxjc.pp.ua/smart.php?id=jingtiancartoon_twn&token=tmxk
2025-11-16 04:24:53,170 - WARNING - url: https://tmxk.pp.ua/smart-cn.m3u 中有无法解析的行: https://smart.dxjc.pp.ua/smart.php?id=daai_twn&token=tmxk
2025-11-16 04:24:53,170 - WARNING - url: https://tmxk.pp.ua/smart-cn.m3u 中有无法解析的行: https://smart.dxjc.pp.ua/smart.php?id=daai2_twn&token=tmxk
2025-11-16 04:24:53,171 - WARNING - url: https://tmxk.pp.ua/smart-cn.m3u 中有无法解析的行: https://smart.dxjc.pp.ua/smart.php?id=eyetvtravel_twn&token=tmxk
2025-11-16 04:24:53,171 - WARNING - url: https://tmxk.pp.ua/smart-cn.m3u 中有无法解析的行: https://smart.dxjc.pp.ua/smart.php?id=eyetvxiju_twn&token=tmxk
2025-11-16 04:24:53,171 - WARNING - url: https://tmxk.pp.ua/smart-cn.m3u 中有无法解析的行: https://smart.dxjc.pp.ua/smart.php?id=afc_twn&token=tmxk
2025-11-16 04:24:53,171 - WARNING - url: https://tmxk.pp.ua/smart-cn.m3u 中有无法解析的行: https://smart.dxjc.pp.ua/smart.php?id=foodplanet_twn&token=tmxk
2025-11-16 04:24:53,171 - WARNING - url: https://tmxk.pp.ua/smart-cn.m3u 中有无法解析的行: https://smart.dxjc.pp.ua/smart.php?id=tlc_twn&token=tmxk
2025-11-16 04:24:53,171 - WARNING - url: https://tmxk.pp.ua/smart-cn.m3u 中有无法解析的行: https://smart.dxjc.pp.ua/smart.php?id=asiatravel_twn&token=tmxk
2025-11-16 04:24:53,171 - WARNING - url: https://tmxk.pp.ua/smart-cn.m3u 中有无法解析的行: https://smart.dxjc.pp.ua/smart.php?id=arirang_twn&token=tmxk
2025-11-16 04:24:53,171 - WARNING - url: https://tmxk.pp.ua/smart-cn.m3u 中有无法解析的行: https://smart.dxjc.pp.ua/smart.php?id=axn_twn&token=tmxk
2025-11-16 04:24:53,171 - WARNING - url: https://tmxk.pp.ua/smart-cn.m3u 中有无法解析的行: https://smart.dxjc.pp.ua/smart.php?id=mtvhd_twn&token=tmxk
2025-11-16 04:24:53,171 - WARNING - url: https://tmxk.pp.ua/smart-cn.m3u 中有无法解析的行: https://smart.dxjc.pp.ua/smart.php?id=hbohd_twn&token=tmxk
2025-11-16 04:24:53,171 - WARNING - url: https://tmxk.pp.ua/smart-cn.m3u 中有无法解析的行: https://smart.dxjc.pp.ua/smart.php?id=hbohit_twn&token=tmxk
2025-11-16 04:24:53,171 - WARNING - url: https://tmxk.pp.ua/smart-cn.m3u 中有无法解析的行: https://smart.dxjc.pp.ua/smart.php?id=cinemax_twn&token=tmxk
2025-11-16 04:24:53,171 - WARNING - url: https://tmxk.pp.ua/smart-cn.m3u 中有无法解析的行: https://smart.dxjc.pp.ua/smart.php?id=hollywoodmovies_twn&token=tmxk
2025-11-16 04:24:53,171 - WARNING - url: https://tmxk.pp.ua/smart-cn.m3u 中有无法解析的行: https://smart.dxjc.pp.ua/smart.php?id=weishimovie_twn&token=tmxk
2025-11-16 04:24:53,171 - WARNING - url: https://tmxk.pp.ua/smart-cn.m3u 中有无法解析的行: https://smart.dxjc.pp.ua/smart.php?id=lungxiangtime_twn&token=tmxk
2025-11-16 04:24:53,171 - WARNING - url: https://tmxk.pp.ua/smart-cn.m3u 中有无法解析的行: https://smart.dxjc.pp.ua/smart.php?id=meiyamovie_twn&token=tmxk
2025-11-16 04:24:53,172 - WARNING - url: https://tmxk.pp.ua/smart-cn.m3u 中有无法解析的行: https://smart.dxjc.pp.ua/smart.php?id=weishichinese_twn&token=tmxk
2025-11-16 04:24:53,172 - WARNING - url: https://tmxk.pp.ua/smart-cn.m3u 中有无法解析的行: https://smart.dxjc.pp.ua/smart.php?id=bosisport1_twn&token=tmxk
2025-11-16 04:24:53,172 - WARNING - url: https://tmxk.pp.ua/smart-cn.m3u 中有无法解析的行: https://smart.dxjc.pp.ua/smart.php?id=bosisport2_twn&token=tmxk
2025-11-16 04:24:53,172 - WARNING - url: https://tmxk.pp.ua/smart-cn.m3u 中有无法解析的行: https://smart.dxjc.pp.ua/smart.php?id=bosigolf1_twn&token=tmxk
2025-11-16 04:24:53,172 - WARNING - url: https://tmxk.pp.ua/smart-cn.m3u 中有无法解析的行: https://smart.dxjc.pp.ua/smart.php?id=bosigolf2_twn&token=tmxk
2025-11-16 04:24:53,172 - WARNING - url: https://tmxk.pp.ua/smart-cn.m3u 中有无法解析的行: https://smart.dxjc.pp.ua/smart.php?id=bositennis_twn&token=tmxk
2025-11-16 04:24:53,172 - WARNING - url: https://tmxk.pp.ua/smart-cn.m3u 中有无法解析的行: https://smart.dxjc.pp.ua/smart.php?id=bosiunlimited_twn&token=tmxk
2025-11-16 04:24:53,172 - WARNING - url: https://tmxk.pp.ua/smart-cn.m3u 中有无法解析的行: https://smart.dxjc.pp.ua/smart.php?id=good2_twn&token=tmxk
2025-11-16 04:24:53,172 - WARNING - url: https://tmxk.pp.ua/smart-cn.m3u 中有无法解析的行: https://smart.dxjc.pp.ua/smart.php?id=cctv1&token=tmxk
2025-11-16 04:24:53,172 - WARNING - url: https://tmxk.pp.ua/smart-cn.m3u 中有无法解析的行: https://smart.dxjc.pp.ua/smart.php?id=cctv2&token=tmxk
2025-11-16 04:24:53,172 - WARNING - url: https://tmxk.pp.ua/smart-cn.m3u 中有无法解析的行: https://smart.dxjc.pp.ua/smart.php?id=cctv3&token=tmxk
2025-11-16 04:24:53,172 - WARNING - url: https://tmxk.pp.ua/smart-cn.m3u 中有无法解析的行: https://smart.dxjc.pp.ua/smart.php?id=Cctv4&token=tmxk
2025-11-16 04:24:53,172 - WARNING - url: https://tmxk.pp.ua/smart-cn.m3u 中有无法解析的行: https://smart.dxjc.pp.ua/smart.php?id=cctv4&token=tmxk
2025-11-16 04:24:53,172 - WARNING - url: https://tmxk.pp.ua/smart-cn.m3u 中有无法解析的行: https://smart.dxjc.pp.ua/smart.php?id=cctv5&token=tmxk
2025-11-16 04:24:53,172 - WARNING - url: https://tmxk.pp.ua/smart-cn.m3u 中有无法解析的行: https://smart.dxjc.pp.ua/smart.php?id=cctv6&token=tmxk
2025-11-16 04:24:53,173 - WARNING - url: https://tmxk.pp.ua/smart-cn.m3u 中有无法解析的行: https://smart.dxjc.pp.ua/smart.php?id=cctv7&token=tmxk
2025-11-16 04:24:53,173 - WARNING - url: https://tmxk.pp.ua/smart-cn.m3u 中有无法解析的行: https://smart.dxjc.pp.ua/smart.php?id=cctv8hd&token=tmxk
2025-11-16 04:24:53,173 - WARNING - url: https://tmxk.pp.ua/smart-cn.m3u 中有无法解析的行: https://smart.dxjc.pp.ua/smart.php?id=cctv9hd&token=tmxk
2025-11-16 04:24:53,173 - WARNING - url: https://tmxk.pp.ua/smart-cn.m3u 中有无法解析的行: https://smart.dxjc.pp.ua/smart.php?id=cctv10hd&token=tmxk
2025-11-16 04:24:53,173 - WARNING - url: https://tmxk.pp.ua/smart-cn.m3u 中有无法解析的行: https://smart.dxjc.pp.ua/smart.php?id=cctv11&token=tmxk
2025-11-16 04:24:53,173 - WARNING - url: https://tmxk.pp.ua/smart-cn.m3u 中有无法解析的行: https://smart.dxjc.pp.ua/smart.php?id=cctv12&token=tmxk
2025-11-16 04:24:53,173 - WARNING - url: https://tmxk.pp.ua/smart-cn.m3u 中有无法解析的行: https://smart.dxjc.pp.ua/smart.php?id=cctv13&token=tmxk
2025-11-16 04:24:53,173 - WARNING - url: https://tmxk.pp.ua/smart-cn.m3u 中有无法解析的行: https://smart.dxjc.pp.ua/smart.php?id=cctv14&token=tmxk
2025-11-16 04:24:53,173 - WARNING - url: https://tmxk.pp.ua/smart-cn.m3u 中有无法解析的行: https://smart.dxjc.pp.ua/smart.php?id=cctv15&token=tmxk
2025-11-16 04:24:53,173 - WARNING - url: https://tmxk.pp.ua/smart-cn.m3u 中有无法解析的行: https://smart.dxjc.pp.ua/smart.php?id=cctv16&token=tmxk
2025-11-16 04:24:53,173 - WARNING - url: https://tmxk.pp.ua/smart-cn.m3u 中有无法解析的行: https://smart.dxjc.pp.ua/smart.php?id=cctv17&token=tmxk
2025-11-16 04:24:53,173 - WARNING - url: https://tmxk.pp.ua/smart-cn.m3u 中有无法解析的行: https://smart.dxjc.pp.ua/smart.php?id=cctv5plus&token=tmxk
2025-11-16 04:24:53,173 - WARNING - url: https://tmxk.pp.ua/smart-cn.m3u 中有无法解析的行: https://smart.dxjc.pp.ua/smart.php?id=hunan_twn&token=tmxk
2025-11-16 04:24:53,173 - WARNING - url: https://tmxk.pp.ua/smart-cn.m3u 中有无法解析的行: https://smart.dxjc.pp.ua/smart.php?id=zhejiang_twn&token=tmxk
2025-11-16 04:24:53,173 - WARNING - url: https://tmxk.pp.ua/smart-cn.m3u 中有无法解析的行: https://smart.dxjc.pp.ua/smart.php?id=jiangsu_twn&token=tmxk
2025-11-16 04:24:53,173 - WARNING - url: https://tmxk.pp.ua/smart-cn.m3u 中有无法解析的行: https://smart.dxjc.pp.ua/smart.php?id=dongfangweishi_twn&token=tmxk
2025-11-16 04:24:53,174 - WARNING - url: https://tmxk.pp.ua/smart-cn.m3u 中有无法解析的行: https://smart.dxjc.pp.ua/smart.php?id=beijing&token=tmxk
2025-11-16 04:24:53,174 - WARNING - url: https://tmxk.pp.ua/smart-cn.m3u 中有无法解析的行: https://smart.dxjc.pp.ua/smart.php?id=shenzhen&token=tmxk
2025-11-16 04:24:53,174 - WARNING - url: https://tmxk.pp.ua/smart-cn.m3u 中有无法解析的行: https://smart.dxjc.pp.ua/smart.php?id=guangdongweishi_twn&token=tmxk
2025-11-16 04:24:53,174 - WARNING - url: https://tmxk.pp.ua/smart-cn.m3u 中有无法解析的行: https://smart.dxjc.pp.ua/smart.php?id=nanfang_twn&token=tmxk
2025-11-16 04:24:53,174 - WARNING - url: https://tmxk.pp.ua/smart-cn.m3u 中有无法解析的行: https://smart.dxjc.pp.ua/smart.php?id=zhujiang&token=tmxk
2025-11-16 04:24:53,174 - WARNING - url: https://tmxk.pp.ua/smart-cn.m3u 中有无法解析的行: https://smart.dxjc.pp.ua/smart.php?id=fujian&token=tmxk
2025-11-16 04:24:53,174 - WARNING - url: https://tmxk.pp.ua/smart-cn.m3u 中有无法解析的行: https://smart.dxjc.pp.ua/smart.php?id=guangxi&token=tmxk
2025-11-16 04:24:53,174 - WARNING - url: https://tmxk.pp.ua/smart-cn.m3u 中有无法解析的行: https://smart.dxjc.pp.ua/smart.php?id=hubei&token=tmxk
2025-11-16 04:24:53,174 - WARNING - url: https://tmxk.pp.ua/smart-cn.m3u 中有无法解析的行: https://smart.dxjc.pp.ua/smart.php?id=sichuan_twn&token=tmxk
2025-11-16 04:24:53,174 - WARNING - url: https://tmxk.pp.ua/smart-cn.m3u 中有无法解析的行: https://smart.dxjc.pp.ua/smart.php?id=CGTN&token=tmxk
2025-11-16 04:24:53,174 - WARNING - url: https://tmxk.pp.ua/smart-cn.m3u 中有无法解析的行: https://smart.dxjc.pp.ua/smart.php?id=cctv6&token=tmxk
2025-11-16 04:24:53,174 - WARNING - url: https://tmxk.pp.ua/smart-cn.m3u 中有无法解析的行: https://smart.dxjc.pp.ua/smart.php?id=axn_twn&token=tmxk
2025-11-16 04:24:53,174 - WARNING - url: https://tmxk.pp.ua/smart-cn.m3u 中有无法解析的行: https://smart.dxjc.pp.ua/smart.php?id=hbohd_twn&token=tmxk
2025-11-16 04:24:53,174 - WARNING - url: https://tmxk.pp.ua/smart-cn.m3u 中有无法解析的行: https://smart.dxjc.pp.ua/smart.php?id=hbohit_twn&token=tmxk
2025-11-16 04:24:53,174 - WARNING - url: https://tmxk.pp.ua/smart-cn.m3u 中有无法解析的行: https://smart.dxjc.pp.ua/smart.php?id=cinemax_twn&token=tmxk
2025-11-16 04:24:53,175 - WARNING - url: https://tmxk.pp.ua/smart-cn.m3u 中有无法解析的行: https://smart.dxjc.pp.ua/smart.php?id=hollywoodmovies_twn&token=tmxk
2025-11-16 04:24:53,175 - WARNING - url: https://tmxk.pp.ua/smart-cn.m3u 中有无法解析的行: https://smart.dxjc.pp.ua/smart.php?id=ettvmovie&token=tmxk
2025-11-16 04:24:53,175 - WARNING - url: https://tmxk.pp.ua/smart-cn.m3u 中有无法解析的行: https://smart.dxjc.pp.ua/smart.php?id=ettvwestern&token=tmxk
2025-11-16 04:24:53,175 - WARNING - url: https://tmxk.pp.ua/smart-cn.m3u 中有无法解析的行: https://smart.dxjc.pp.ua/smart.php?id=xingwei_movie&token=tmxk
2025-11-16 04:24:53,175 - WARNING - url: https://tmxk.pp.ua/smart-cn.m3u 中有无法解析的行: https://smart.dxjc.pp.ua/smart.php?id=lunghuawestern_twn&token=tmxk
2025-11-16 04:24:53,175 - WARNING - url: https://tmxk.pp.ua/smart-cn.m3u 中有无法解析的行: https://smart.dxjc.pp.ua/smart.php?id=lungxiangtime_twn&token=tmxk
2025-11-16 04:24:53,175 - WARNING - url: https://tmxk.pp.ua/smart-cn.m3u 中有无法解析的行: https://smart.dxjc.pp.ua/smart.php?id=meiyamovie_twn&token=tmxk
2025-11-16 04:24:53,175 - WARNING - url: https://tmxk.pp.ua/smart-cn.m3u 中有无法解析的行: https://smart.dxjc.pp.ua/smart.php?id=weishimovie_twn&token=tmxk
2025-11-16 04:24:53,175 - WARNING - url: https://tmxk.pp.ua/smart-cn.m3u 中有无法解析的行: https://smart.dxjc.pp.ua/smart.php?id=Celestial&token=tmxk
2025-11-16 04:24:53,175 - WARNING - url: https://tmxk.pp.ua/smart-cn.m3u 中有无法解析的行: https://smart.dxjc.pp.ua/smart.php?id=Celestialindo&token=tmxk
2025-11-16 04:24:53,175 - WARNING - url: https://tmxk.pp.ua/smart-cn.m3u 中有无法解析的行: https://smart.dxjc.pp.ua/smart.php?id=Celestial2&token=tmxk
2025-11-16 04:24:53,175 - WARNING - url: https://tmxk.pp.ua/smart-cn.m3u 中有无法解析的行: https://smart.dxjc.pp.ua/smart.php?id=Animax&token=tmxk
2025-11-16 04:24:53,175 - WARNING - url: https://tmxk.pp.ua/smart-cn.m3u 中有无法解析的行: https://smart.dxjc.pp.ua/smart.php?id=moviesnow_raj&token=tmxk
2025-11-16 04:24:53,175 - WARNING - url: https://tmxk.pp.ua/smart-cn.m3u 中有无法解析的行: https://smart.dxjc.pp.ua/smart.php?id=starmovies_raj&token=tmxk
2025-11-16 04:24:53,175 - WARNING - url: https://tmxk.pp.ua/smart-cn.m3u 中有无法解析的行: https://smart.dxjc.pp.ua/smart.php?id=Hits&token=tmxk
2025-11-16 04:24:53,175 - WARNING - url: https://tmxk.pp.ua/smart-cn.m3u 中有无法解析的行: https://smart.dxjc.pp.ua/smart.php?id=WarnerTV&token=tmxk
2025-11-16 04:24:53,176 - WARNING - url: https://tmxk.pp.ua/smart-cn.m3u 中有无法解析的行: https://smart.dxjc.pp.ua/smart.php?id=Hbo&token=tmxk
2025-11-16 04:24:53,176 - WARNING - url: https://tmxk.pp.ua/smart-cn.m3u 中有无法解析的行: https://smart.dxjc.pp.ua/smart.php?id=Hbosignature&token=tmxk
2025-11-16 04:24:53,176 - WARNING - url: https://tmxk.pp.ua/smart-cn.m3u 中有无法解析的行: https://smart.dxjc.pp.ua/smart.php?id=Hbofamily&token=tmxk
2025-11-16 04:24:53,176 - WARNING - url: https://tmxk.pp.ua/smart-cn.m3u 中有无法解析的行: https://smart.dxjc.pp.ua/smart.php?id=Hbohitshd&token=tmxk
2025-11-16 04:24:53,176 - WARNING - url: https://tmxk.pp.ua/smart-cn.m3u 中有无法解析的行: https://smart.dxjc.pp.ua/smart.php?id=Cinemax&token=tmxk
2025-11-16 04:24:53,176 - WARNING - url: https://tmxk.pp.ua/smart-cn.m3u 中有无法解析的行: https://smart.dxjc.pp.ua/smart.php?id=Dreamworks&token=tmxk
2025-11-16 04:24:53,176 - WARNING - url: https://tmxk.pp.ua/smart-cn.m3u 中有无法解析的行: https://smart.dxjc.pp.ua/smart.php?id=Weishimovie&token=tmxk
2025-11-16 04:24:53,176 - WARNING - url: https://tmxk.pp.ua/smart-cn.m3u 中有无法解析的行: https://smart.dxjc.pp.ua/smart.php?id=Thrill&token=tmxk
2025-11-16 04:24:53,176 - WARNING - url: https://tmxk.pp.ua/smart-cn.m3u 中有无法解析的行: https://smart.dxjc.pp.ua/smart.php?id=Hitsmovie&token=tmxk
2025-11-16 04:24:53,176 - WARNING - url: https://tmxk.pp.ua/smart-cn.m3u 中有无法解析的行: https://smart.dxjc.pp.ua/smart.php?id=One&token=tmxk
2025-11-16 04:24:53,176 - WARNING - url: https://tmxk.pp.ua/smart-cn.m3u 中有无法解析的行: https://smart.dxjc.pp.ua/smart.php?id=Tvnmovie&token=tmxk
2025-11-16 04:24:53,176 - WARNING - url: https://tmxk.pp.ua/smart-cn.m3u 中有无法解析的行: https://smart.dxjc.pp.ua/smart.php?id=Axn&token=tmxk
2025-11-16 04:24:53,176 - WARNING - url: https://tmxk.pp.ua/smart-cn.m3u 中有无法解析的行: https://smart.dxjc.pp.ua/smart.php?id=Paramountnetwork&token=tmxk
2025-11-16 04:24:53,176 - WARNING - url: https://tmxk.pp.ua/smart-cn.m3u 中有无法解析的行: https://smart.dxjc.pp.ua/smart.php?id=Kplus&token=tmxk
2025-11-16 04:24:53,176 - WARNING - url: https://tmxk.pp.ua/smart-cn.m3u 中有无法解析的行: https://smart.dxjc.pp.ua/smart.php?id=Rockaction&token=tmxk
2025-11-16 04:24:53,176 - WARNING - url: https://tmxk.pp.ua/smart-cn.m3u 中有无法解析的行: https://smart.dxjc.pp.ua/smart.php?id=Rockentertain&token=tmxk
2025-11-16 04:24:53,177 - WARNING - url: https://tmxk.pp.ua/smart-cn.m3u 中有无法解析的行: https://smart.dxjc.pp.ua/smart.php?id=natgeohd_twn&token=tmxk
2025-11-16 04:24:53,177 - WARNING - url: https://tmxk.pp.ua/smart-cn.m3u 中有无法解析的行: https://smart.dxjc.pp.ua/smart.php?id=natgeowild_twn&token=tmxk
2025-11-16 04:24:53,177 - WARNING - url: https://tmxk.pp.ua/smart-cn.m3u 中有无法解析的行: https://smart.dxjc.pp.ua/smart.php?id=animalplanet_twn&token=tmxk
2025-11-16 04:24:53,177 - WARNING - url: https://tmxk.pp.ua/smart-cn.m3u 中有无法解析的行: https://smart.dxjc.pp.ua/smart.php?id=discoverytwn_twn&token=tmxk
2025-11-16 04:24:53,177 - WARNING - url: https://tmxk.pp.ua/smart-cn.m3u 中有无法解析的行: https://smart.dxjc.pp.ua/smart.php?id=ci_twn&token=tmxk
2025-11-16 04:24:53,177 - WARNING - url: https://tmxk.pp.ua/smart-cn.m3u 中有无法解析的行: https://smart.dxjc.pp.ua/smart.php?id=asiatravel_twn&token=tmxk
2025-11-16 04:24:53,177 - WARNING - url: https://tmxk.pp.ua/smart-cn.m3u 中有无法解析的行: https://smart.dxjc.pp.ua/smart.php?id=discoveryhd_twn&token=tmxk
2025-11-16 04:24:53,177 - WARNING - url: https://tmxk.pp.ua/smart-cn.m3u 中有无法解析的行: https://smart.dxjc.pp.ua/smart.php?id=afc_twn&token=tmxk
2025-11-16 04:24:53,177 - WARNING - url: https://tmxk.pp.ua/smart-cn.m3u 中有无法解析的行: https://smart.dxjc.pp.ua/smart.php?id=foodplanet_twn&token=tmxk
2025-11-16 04:24:53,177 - WARNING - url: https://tmxk.pp.ua/smart-cn.m3u 中有无法解析的行: https://smart.dxjc.pp.ua/smart.php?id=tlc_twn&token=tmxk
2025-11-16 04:24:53,177 - WARNING - url: https://tmxk.pp.ua/smart-cn.m3u 中有无法解析的行: https://smart.dxjc.pp.ua/smart.php?id=Natgeo&token=tmxk
2025-11-16 04:24:53,177 - WARNING - url: https://tmxk.pp.ua/smart-cn.m3u 中有无法解析的行: https://smart.dxjc.pp.ua/smart.php?id=fashiontv_twn&token=tmxk
2025-11-16 04:24:53,177 - WARNING - url: https://tmxk.pp.ua/smart-cn.m3u 中有无法解析的行: https://smart.dxjc.pp.ua/smart.php?id=History&token=tmxk
2025-11-16 04:24:53,177 - WARNING - url: https://tmxk.pp.ua/smart-cn.m3u 中有无法解析的行: https://smart.dxjc.pp.ua/smart.php?id=bbcearth_twn&token=tmxk
2025-11-16 04:24:53,177 - WARNING - url: https://tmxk.pp.ua/smart-cn.m3u 中有无法解析的行: https://smart.dxjc.pp.ua/smart.php?id=bbclifestyle_twn&token=tmxk
2025-11-16 04:24:53,177 - WARNING - url: https://tmxk.pp.ua/smart-cn.m3u 中有无法解析的行: https://smart.dxjc.pp.ua/smart.php?id=mtvhd_twn&token=tmxk
2025-11-16 04:24:53,178 - WARNING - url: https://tmxk.pp.ua/smart-cn.m3u 中有无法解析的行: https://smart.dxjc.pp.ua/smart.php?id=Natgeowild&token=tmxk
2025-11-16 04:24:53,178 - WARNING - url: https://tmxk.pp.ua/smart-cn.m3u 中有无法解析的行: https://smart.dxjc.pp.ua/smart.php?id=AnimalPlanet&token=tmxk
2025-11-16 04:24:53,178 - WARNING - url: https://tmxk.pp.ua/smart-cn.m3u 中有无法解析的行: https://smart.dxjc.pp.ua/smart.php?id=Tlc&token=tmxk
2025-11-16 04:24:53,178 - WARNING - url: https://tmxk.pp.ua/smart-cn.m3u 中有无法解析的行: https://smart.dxjc.pp.ua/smart.php?id=Foodnetwork&token=tmxk
2025-11-16 04:24:53,178 - WARNING - url: https://tmxk.pp.ua/smart-cn.m3u 中有无法解析的行: https://smart.dxjc.pp.ua/smart.php?id=HGTV&token=tmxk
2025-11-16 04:24:53,178 - WARNING - url: https://tmxk.pp.ua/smart-cn.m3u 中有无法解析的行: https://smart.dxjc.pp.ua/smart.php?id=asiatravel_twn&token=tmxk
2025-11-16 04:24:53,178 - WARNING - url: https://tmxk.pp.ua/smart-cn.m3u 中有无法解析的行: https://smart.dxjc.pp.ua/smart.php?id=skynews_twn&token=tmxk
2025-11-16 04:24:53,178 - WARNING - url: https://tmxk.pp.ua/smart-cn.m3u 中有无法解析的行: https://smart.dxjc.pp.ua/smart.php?id=abcnews_glo&token=tmxk
2025-11-16 04:24:53,178 - WARNING - url: https://tmxk.pp.ua/smart-cn.m3u 中有无法解析的行: https://smart.dxjc.pp.ua/smart.php?id=ettvcaijing_twn&token=tmxk
2025-11-16 04:24:53,178 - WARNING - url: https://tmxk.pp.ua/smart-cn.m3u 中有无法解析的行: https://smart.dxjc.pp.ua/smart.php?id=cbshd_glo&token=tmxk
2025-11-16 04:24:53,178 - WARNING - url: https://tmxk.pp.ua/smart-cn.m3u 中有无法解析的行: https://smart.dxjc.pp.ua/smart.php?id=cbsn_glo&token=tmxk
2025-11-16 04:24:53,178 - WARNING - url: https://tmxk.pp.ua/smart-cn.m3u 中有无法解析的行: https://smart.dxjc.pp.ua/smart.php?id=france24_twn&token=tmxk
2025-11-16 04:24:53,178 - WARNING - url: https://tmxk.pp.ua/smart-cn.m3u 中有无法解析的行: https://smart.dxjc.pp.ua/smart.php?id=dw_twn&token=tmxk
2025-11-16 04:24:53,178 - WARNING - url: https://tmxk.pp.ua/smart-cn.m3u 中有无法解析的行: https://smart.dxjc.pp.ua/smart.php?id=nhkworld_japan&token=tmxk
2025-11-16 04:24:53,178 - WARNING - url: https://tmxk.pp.ua/smart-cn.m3u 中有无法解析的行: https://smart.dxjc.pp.ua/smart.php?id=foxnews_twn&token=tmxk
2025-11-16 04:24:53,179 - WARNING - url: https://tmxk.pp.ua/smart-cn.m3u 中有无法解析的行: https://smart.dxjc.pp.ua/smart.php?id=CGTN&token=tmxk
2025-11-16 04:24:53,179 - WARNING - url: https://tmxk.pp.ua/smart-cn.m3u 中有无法解析的行: https://smart.dxjc.pp.ua/smart.php?id=Cnn&token=tmxk
2025-11-16 04:24:53,179 - WARNING - url: https://tmxk.pp.ua/smart-cn.m3u 中有无法解析的行: https://smart.dxjc.pp.ua/smart.php?id=cnn_twn&token=tmxk
2025-11-16 04:24:53,179 - WARNING - url: https://tmxk.pp.ua/smart-cn.m3u 中有无法解析的行: https://smart.dxjc.pp.ua/smart.php?id=cnbc_twn&token=tmxk
2025-11-16 04:24:53,179 - WARNING - url: https://tmxk.pp.ua/smart-cn.m3u 中有无法解析的行: https://smart.dxjc.pp.ua/smart.php?id=cna&token=tmxk
2025-11-16 04:24:53,179 - WARNING - url: https://tmxk.pp.ua/smart-cn.m3u 中有无法解析的行: https://smart.dxjc.pp.ua/smart.php?id=bbcnews_twn&token=tmxk
2025-11-16 04:24:53,179 - WARNING - url: https://tmxk.pp.ua/smart-cn.m3u 中有无法解析的行: https://smart.dxjc.pp.ua/smart.php?id=Bbcnews&token=tmxk
2025-11-16 04:24:53,179 - WARNING - url: https://tmxk.pp.ua/smart-cn.m3u 中有无法解析的行: https://smart.dxjc.pp.ua/smart.php?id=bloomberg_twn&token=tmxk
2025-11-16 04:24:53,179 - WARNING - url: https://tmxk.pp.ua/smart-cn.m3u 中有无法解析的行: https://smart.dxjc.pp.ua/smart.php?id=aljazeera_twn&token=tmxk
2025-11-16 04:24:53,179 - WARNING - url: https://tmxk.pp.ua/smart-cn.m3u 中有无法解析的行: https://smart.dxjc.pp.ua/smart.php?id=Babytv&token=tmxk
2025-11-16 04:24:53,179 - WARNING - url: https://tmxk.pp.ua/smart-cn.m3u 中有无法解析的行: https://smart.dxjc.pp.ua/smart.php?id=Cbeebies&token=tmxk
2025-11-16 04:24:53,179 - WARNING - url: https://tmxk.pp.ua/smart-cn.m3u 中有无法解析的行: https://smart.dxjc.pp.ua/smart.php?id=KidsTV&token=tmxk
2025-11-16 04:24:53,179 - WARNING - url: https://tmxk.pp.ua/smart-cn.m3u 中有无法解析的行: https://smart.dxjc.pp.ua/smart.php?id=momo1_twn&token=tmxk
2025-11-16 04:24:53,179 - WARNING - url: https://tmxk.pp.ua/smart-cn.m3u 中有无法解析的行: https://smart.dxjc.pp.ua/smart.php?id=Animax&token=tmxk
2025-11-16 04:24:53,179 - WARNING - url: https://tmxk.pp.ua/smart-cn.m3u 中有无法解析的行: https://smart.dxjc.pp.ua/smart.php?id=babytv_twn&token=tmxk
2025-11-16 04:24:53,179 - WARNING - url: https://tmxk.pp.ua/smart-cn.m3u 中有无法解析的行: https://smart.dxjc.pp.ua/smart.php?id=MiaoMi&token=tmxk
2025-11-16 04:24:53,180 - WARNING - url: https://tmxk.pp.ua/smart-cn.m3u 中有无法解析的行: https://smart.dxjc.pp.ua/smart.php?id=jingtiancartoon_twn&token=tmxk
2025-11-16 04:24:53,180 - WARNING - url: https://tmxk.pp.ua/smart-cn.m3u 中有无法解析的行: https://smart.dxjc.pp.ua/smart.php?id=yoyo_twn&token=tmxk
2025-11-16 04:24:53,180 - WARNING - url: https://tmxk.pp.ua/smart-cn.m3u 中有无法解析的行: https://smart.dxjc.pp.ua/smart.php?id=Cn&token=tmxk
2025-11-16 04:24:53,180 - WARNING - url: https://tmxk.pp.ua/smart-cn.m3u 中有无法解析的行: https://smart.dxjc.pp.ua/smart.php?id=Nickelodeon&token=tmxk
2025-11-16 04:24:53,180 - WARNING - url: https://tmxk.pp.ua/smart-cn.m3u 中有无法解析的行: https://smart.dxjc.pp.ua/smart.php?id=Nickjr&token=tmxk
2025-11-16 04:24:53,180 - WARNING - url: https://tmxk.pp.ua/smart-cn.m3u 中有无法解析的行: https://smart.dxjc.pp.ua/smart.php?id=go_assp1&token=tmxk
2025-11-16 04:24:53,180 - WARNING - url: https://tmxk.pp.ua/smart-cn.m3u 中有无法解析的行: https://smart.dxjc.pp.ua/smart.php?id=go_assp1x&token=tmxk
2025-11-16 04:24:53,180 - WARNING - url: https://tmxk.pp.ua/smart-cn.m3u 中有无法解析的行: https://smart.dxjc.pp.ua/smart.php?id=go_assp2&token=tmxk
2025-11-16 04:24:53,180 - WARNING - url: https://tmxk.pp.ua/smart-cn.m3u 中有无法解析的行: https://smart.dxjc.pp.ua/smart.php?id=go_assp3&token=tmxk
2025-11-16 04:24:53,180 - WARNING - url: https://tmxk.pp.ua/smart-cn.m3u 中有无法解析的行: https://smart.dxjc.pp.ua/smart.php?id=go_assp4&token=tmxk
2025-11-16 04:24:53,180 - WARNING - url: https://tmxk.pp.ua/smart-cn.m3u 中有无法解析的行: https://smart.dxjc.pp.ua/smart.php?id=go_sportsplus&token=tmxk
2025-11-16 04:24:53,180 - WARNING - url: https://tmxk.pp.ua/smart-cn.m3u 中有无法解析的行: https://smart.dxjc.pp.ua/smart.php?id=go_badminton1&token=tmxk
2025-11-16 04:24:53,180 - WARNING - url: https://tmxk.pp.ua/smart-cn.m3u 中有无法解析的行: https://smart.dxjc.pp.ua/smart.php?id=go_badminton2&token=tmxk
2025-11-16 04:24:53,180 - WARNING - url: https://tmxk.pp.ua/smart-cn.m3u 中有无法解析的行: https://smart.dxjc.pp.ua/smart.php?id=go_assp5&token=tmxk
2025-11-16 04:24:53,180 - WARNING - url: https://tmxk.pp.ua/smart-cn.m3u 中有无法解析的行: https://smart.dxjc.pp.ua/smart.php?id=Assp1&token=tmxk
2025-11-16 04:24:53,180 - WARNING - url: https://tmxk.pp.ua/smart-cn.m3u 中有无法解析的行: https://smart.dxjc.pp.ua/smart.php?id=Assp2&token=tmxk
2025-11-16 04:24:53,181 - WARNING - url: https://tmxk.pp.ua/smart-cn.m3u 中有无法解析的行: https://smart.dxjc.pp.ua/smart.php?id=Assp3&token=tmxk
2025-11-16 04:24:53,181 - WARNING - url: https://tmxk.pp.ua/smart-cn.m3u 中有无法解析的行: https://smart.dxjc.pp.ua/smart.php?id=Assp4&token=tmxk
2025-11-16 04:24:53,181 - WARNING - url: https://tmxk.pp.ua/smart-cn.m3u 中有无法解析的行: https://smart.dxjc.pp.ua/smart.php?id=Wwe&token=tmxk
2025-11-16 04:24:53,181 - WARNING - url: https://tmxk.pp.ua/smart-cn.m3u 中有无法解析的行: https://smart.dxjc.pp.ua/smart.php?id=Fs&token=tmxk
2025-11-16 04:24:53,181 - WARNING - url: https://tmxk.pp.ua/smart-cn.m3u 中有无法解析的行: https://smart.dxjc.pp.ua/smart.php?id=Nba&token=tmxk
2025-11-16 04:24:53,181 - WARNING - url: https://tmxk.pp.ua/smart-cn.m3u 中有无法解析的行: https://smart.dxjc.pp.ua/smart.php?id=Acricket&token=tmxk
2025-11-16 04:24:53,181 - WARNING - url: https://tmxk.pp.ua/smart-cn.m3u 中有无法解析的行: https://smart.dxjc.pp.ua/smart.php?id=Agolf&token=tmxk
2025-11-16 04:24:53,181 - WARNING - url: https://tmxk.pp.ua/smart-cn.m3u 中有无法解析的行: https://smart.dxjc.pp.ua/smart.php?id=6fac0aaead&token=tmxk
2025-11-16 04:24:53,181 - WARNING - url: https://tmxk.pp.ua/smart-cn.m3u 中有无法解析的行: https://smart.dxjc.pp.ua/smart.php?id=d9a76a79cc&token=tmxk
2025-11-16 04:24:53,181 - WARNING - url: https://tmxk.pp.ua/smart-cn.m3u 中有无法解析的行: https://smart.dxjc.pp.ua/smart.php?id=5fea4d73db&token=tmxk
2025-11-16 04:24:53,181 - WARNING - url: https://tmxk.pp.ua/smart-cn.m3u 中有无法解析的行: https://smart.dxjc.pp.ua/smart.php?id=tntsport4&token=tmxk
2025-11-16 04:24:53,181 - WARNING - url: https://tmxk.pp.ua/smart-cn.m3u 中有无法解析的行: https://smart.dxjc.pp.ua/smart.php?id=ten1_raj&token=tmxk
2025-11-16 04:24:53,181 - WARNING - url: https://tmxk.pp.ua/smart-cn.m3u 中有无法解析的行: https://smart.dxjc.pp.ua/smart.php?id=ten2_raj&token=tmxk
2025-11-16 04:24:53,181 - WARNING - url: https://tmxk.pp.ua/smart-cn.m3u 中有无法解析的行: https://smart.dxjc.pp.ua/smart.php?id=ten3_raj&token=tmxk
2025-11-16 04:24:53,181 - WARNING - url: https://tmxk.pp.ua/smart-cn.m3u 中有无法解析的行: https://smart.dxjc.pp.ua/smart.php?id=go_spotv&token=tmxk
2025-11-16 04:24:53,182 - WARNING - url: https://tmxk.pp.ua/smart-cn.m3u 中有无法解析的行: https://smart.dxjc.pp.ua/smart.php?id=go_spotv2&token=tmxk
2025-11-16 04:24:53,182 - WARNING - url: https://tmxk.pp.ua/smart-cn.m3u 中有无法解析的行: https://smart.dxjc.pp.ua/smart.php?id=tiankongf1&token=tmxk
2025-11-16 04:24:53,182 - WARNING - url: https://tmxk.pp.ua/smart-cn.m3u 中有无法解析的行: https://smart.dxjc.pp.ua/smart.php?id=tiankongcricket&token=tmxk
2025-11-16 04:24:53,182 - WARNING - url: https://tmxk.pp.ua/smart-cn.m3u 中有无法解析的行: https://smart.dxjc.pp.ua/smart.php?id=tiankongepl&token=tmxk
2025-11-16 04:24:53,182 - WARNING - url: https://tmxk.pp.ua/smart-cn.m3u 中有无法解析的行: https://smart.dxjc.pp.ua/smart.php?id=tiankongmain&token=tmxk
2025-11-16 04:24:53,182 - WARNING - url: https://tmxk.pp.ua/smart-cn.m3u 中有无法解析的行: https://smart.dxjc.pp.ua/smart.php?id=tiankongnews&token=tmxk
2025-11-16 04:24:53,182 - WARNING - url: https://tmxk.pp.ua/smart-cn.m3u 中有无法解析的行: https://smart.dxjc.pp.ua/smart.php?id=tiankongmix&token=tmxk
2025-11-16 04:24:53,182 - WARNING - url: https://tmxk.pp.ua/smart-cn.m3u 中有无法解析的行: https://smart.dxjc.pp.ua/smart.php?id=cctv5&token=tmxk
2025-11-16 04:24:53,182 - WARNING - url: https://tmxk.pp.ua/smart-cn.m3u 中有无法解析的行: https://smart.dxjc.pp.ua/smart.php?id=cctv5plus&token=tmxk
2025-11-16 04:24:53,182 - WARNING - url: https://tmxk.pp.ua/smart-cn.m3u 中有无法解析的行: https://smart.dxjc.pp.ua/smart.php?id=eltasport2_twn&token=tmxk
2025-11-16 04:24:53,182 - WARNING - url: https://tmxk.pp.ua/smart-cn.m3u 中有无法解析的行: https://smart.dxjc.pp.ua/smart.php?id=eltasport3_twn&token=tmxk
2025-11-16 04:24:53,182 - WARNING - url: https://tmxk.pp.ua/smart-cn.m3u 中有无法解析的行: https://smart.dxjc.pp.ua/smart.php?id=Rugbypasstv&token=tmxk
2025-11-16 04:24:53,182 - WARNING - url: https://tmxk.pp.ua/smart-cn.m3u 中有无法解析的行: https://smart.dxjc.pp.ua/smart.php?id=Rtmsport&token=tmxk
2025-11-16 04:24:53,182 - WARNING - url: https://tmxk.pp.ua/smart-cn.m3u 中有无法解析的行: https://smart.dxjc.pp.ua/smart.php?id=Arena&token=tmxk
2025-11-16 04:24:53,183 - WARNING - url: https://tmxk.pp.ua/smart-cn.m3u 中有无法解析的行: https://smart.dxjc.pp.ua/smart.php?id=Arena2&token=tmxk
2025-11-16 04:24:53,183 - WARNING - url: https://tmxk.pp.ua/smart-cn.m3u 中有无法解析的行: https://smart.dxjc.pp.ua/smart.php?id=Bolaarena1&token=tmxk
2025-11-16 04:24:53,183 - WARNING - url: https://tmxk.pp.ua/smart-cn.m3u 中有无法解析的行: https://smart.dxjc.pp.ua/smart.php?id=Bolaarena2&token=tmxk
2025-11-16 04:24:53,183 - WARNING - url: https://tmxk.pp.ua/smart-cn.m3u 中有无法解析的行: https://smart.dxjc.pp.ua/smart.php?id=Astrobein1&token=tmxk
2025-11-16 04:24:53,183 - WARNING - url: https://tmxk.pp.ua/smart-cn.m3u 中有无法解析的行: https://smart.dxjc.pp.ua/smart.php?id=Astrobein2&token=tmxk
2025-11-16 04:24:53,183 - WARNING - url: https://tmxk.pp.ua/smart-cn.m3u 中有无法解析的行: https://smart.dxjc.pp.ua/smart.php?id=Astrobein3&token=tmxk
2025-11-16 04:24:53,183 - WARNING - url: https://tmxk.pp.ua/smart-cn.m3u 中有无法解析的行: https://smart.dxjc.pp.ua/smart.php?id=Channel5HD&token=tmxk
2025-11-16 04:24:53,183 - WARNING - url: https://tmxk.pp.ua/smart-cn.m3u 中有无法解析的行: https://smart.dxjc.pp.ua/smart.php?id=Channel8HD&token=tmxk
2025-11-16 04:24:53,183 - WARNING - url: https://tmxk.pp.ua/smart-cn.m3u 中有无法解析的行: https://smart.dxjc.pp.ua/smart.php?id=Suria&token=tmxk
2025-11-16 04:24:53,183 - WARNING - url: https://tmxk.pp.ua/smart-cn.m3u 中有无法解析的行: https://smart.dxjc.pp.ua/smart.php?id=ChannelU&token=tmxk
2025-11-16 04:24:53,183 - WARNING - url: https://tmxk.pp.ua/smart-cn.m3u 中有无法解析的行: https://smart.dxjc.pp.ua/smart.php?id=Vasantham&token=tmxk
2025-11-16 04:24:53,183 - WARNING - url: https://tmxk.pp.ua/smart-cn.m3u 中有无法解析的行: https://smart.dxjc.pp.ua/smart.php?id=cna&token=tmxk
2025-11-16 04:24:53,183 - WARNING - url: https://tmxk.pp.ua/smart-cn.m3u 中有无法解析的行: https://smart.dxjc.pp.ua/smart.php?id=cna_twn&token=tmxk
2025-11-16 04:24:53,183 - WARNING - url: https://tmxk.pp.ua/smart-cn.m3u 中有无法解析的行: https://smart.dxjc.pp.ua/smart.php?id=Mewatch_ch5&token=tmxk
2025-11-16 04:24:53,183 - WARNING - url: https://tmxk.pp.ua/smart-cn.m3u 中有无法解析的行: https://smart.dxjc.pp.ua/smart.php?id=Mewatch_ch8&token=tmxk
2025-11-16 04:24:53,184 - WARNING - url: https://tmxk.pp.ua/smart-cn.m3u 中有无法解析的行: https://smart.dxjc.pp.ua/smart.php?id=Mewatch_chU&token=tmxk
2025-11-16 04:24:53,184 - WARNING - url: https://tmxk.pp.ua/smart-cn.m3u 中有无法解析的行: https://smart.dxjc.pp.ua/smart.php?id=Mewatch_Suria&token=tmxk
2025-11-16 04:24:53,184 - WARNING - url: https://tmxk.pp.ua/smart-cn.m3u 中有无法解析的行: https://smart.dxjc.pp.ua/smart.php?id=Mewatch_Vasantham&token=tmxk
2025-11-16 04:24:53,184 - WARNING - url: https://tmxk.pp.ua/smart-cn.m3u 中有无法解析的行: https://smart.dxjc.pp.ua/smart.php?id=Mewatch_cna&token=tmxk
2025-11-16 04:24:53,184 - WARNING - url: https://tmxk.pp.ua/smart-cn.m3u 中有无法解析的行: https://smart.dxjc.pp.ua/smart.php?id=TV1&token=tmxk
2025-11-16 04:24:53,184 - WARNING - url: https://tmxk.pp.ua/smart-cn.m3u 中有无法解析的行: https://smart.dxjc.pp.ua/smart.php?id=TV1_backup&token=tmxk
2025-11-16 04:24:53,184 - WARNING - url: https://tmxk.pp.ua/smart-cn.m3u 中有无法解析的行: https://smart.dxjc.pp.ua/smart.php?id=TV2&token=tmxk
2025-11-16 04:24:53,184 - WARNING - url: https://tmxk.pp.ua/smart-cn.m3u 中有无法解析的行: https://smart.dxjc.pp.ua/smart.php?id=TV3&token=tmxk
2025-11-16 04:24:53,184 - WARNING - url: https://tmxk.pp.ua/smart-cn.m3u 中有无法解析的行: https://smart.dxjc.pp.ua/smart.php?id=TV3_mega&token=tmxk
2025-11-16 04:24:53,184 - WARNING - url: https://tmxk.pp.ua/smart-cn.m3u 中有无法解析的行: https://smart.dxjc.pp.ua/smart.php?id=NTV7&token=tmxk
2025-11-16 04:24:53,184 - WARNING - url: https://tmxk.pp.ua/smart-cn.m3u 中有无法解析的行: https://smart.dxjc.pp.ua/smart.php?id=TV8&token=tmxk
2025-11-16 04:24:53,184 - WARNING - url: https://tmxk.pp.ua/smart-cn.m3u 中有无法解析的行: https://smart.dxjc.pp.ua/smart.php?id=TV9&token=tmxk
2025-11-16 04:24:53,184 - WARNING - url: https://tmxk.pp.ua/smart-cn.m3u 中有无法解析的行: https://smart.dxjc.pp.ua/smart.php?id=Ria-0&token=tmxk
2025-11-16 04:24:53,184 - WARNING - url: https://tmxk.pp.ua/smart-cn.m3u 中有无法解析的行: https://smart.dxjc.pp.ua/smart.php?id=Ria_backup&token=tmxk
2025-11-16 04:24:53,184 - WARNING - url: https://tmxk.pp.ua/smart-cn.m3u 中有无法解析的行: https://smart.dxjc.pp.ua/smart.php?id=Alhijrah&token=tmxk
2025-11-16 04:24:53,184 - WARNING - url: https://tmxk.pp.ua/smart-cn.m3u 中有无法解析的行: https://smart.dxjc.pp.ua/smart.php?id=Alhijrah_backup&token=tmxk
2025-11-16 04:24:53,185 - WARNING - url: https://tmxk.pp.ua/smart-cn.m3u 中有无法解析的行: https://smart.dxjc.pp.ua/smart.php?id=Awani&token=tmxk
2025-11-16 04:24:53,185 - WARNING - url: https://tmxk.pp.ua/smart-cn.m3u 中有无法解析的行: https://smart.dxjc.pp.ua/smart.php?id=Bernama&token=tmxk
2025-11-16 04:24:53,185 - WARNING - url: https://tmxk.pp.ua/smart-cn.m3u 中有无法解析的行: https://smart.dxjc.pp.ua/smart.php?id=Prima-0&token=tmxk
2025-11-16 04:24:53,185 - WARNING - url: https://tmxk.pp.ua/smart-cn.m3u 中有无法解析的行: https://smart.dxjc.pp.ua/smart.php?id=AAprima1&token=tmxk
2025-11-16 04:24:53,185 - WARNING - url: https://tmxk.pp.ua/smart-cn.m3u 中有无法解析的行: https://smart.dxjc.pp.ua/smart.php?id=AAprima&token=tmxk
2025-11-16 04:24:53,185 - WARNING - url: https://tmxk.pp.ua/smart-cn.m3u 中有无法解析的行: https://smart.dxjc.pp.ua/smart.php?id=Ceria&token=tmxk
2025-11-16 04:24:53,185 - WARNING - url: https://tmxk.pp.ua/smart-cn.m3u 中有无法解析的行: https://smart.dxjc.pp.ua/smart.php?id=AstroMTV&token=tmxk
2025-11-16 04:24:53,185 - WARNING - url: https://tmxk.pp.ua/smart-cn.m3u 中有无法解析的行: https://smart.dxjc.pp.ua/smart.php?id=quran_mido&token=tmxk
2025-11-16 04:24:53,185 - WARNING - url: https://tmxk.pp.ua/smart-cn.m3u 中有无法解析的行: https://smart.dxjc.pp.ua/smart.php?id=sunnah_mido&token=tmxk
2025-11-16 04:24:53,185 - WARNING - url: https://tmxk.pp.ua/smart-cn.m3u 中有无法解析的行: https://smart.dxjc.pp.ua/smart.php?id=Oasis&token=tmxk
2025-11-16 04:24:53,185 - WARNING - url: https://tmxk.pp.ua/smart-cn.m3u 中有无法解析的行: https://smart.dxjc.pp.ua/smart.php?id=Hbo&token=tmxk
2025-11-16 04:24:53,185 - WARNING - url: https://tmxk.pp.ua/smart-cn.m3u 中有无法解析的行: https://smart.dxjc.pp.ua/smart.php?id=Hbosignature&token=tmxk
2025-11-16 04:24:53,185 - WARNING - url: https://tmxk.pp.ua/smart-cn.m3u 中有无法解析的行: https://smart.dxjc.pp.ua/smart.php?id=Hbohitshd&token=tmxk
2025-11-16 04:24:53,185 - WARNING - url: https://tmxk.pp.ua/smart-cn.m3u 中有无法解析的行: https://smart.dxjc.pp.ua/smart.php?id=Natgeowild&token=tmxk
2025-11-16 04:24:53,185 - WARNING - url: https://tmxk.pp.ua/smart-cn.m3u 中有无法解析的行: https://smart.dxjc.pp.ua/smart.php?id=Cn&token=tmxk
2025-11-16 04:24:53,186 - WARNING - url: https://tmxk.pp.ua/smart-cn.m3u 中有无法解析的行: https://smart.dxjc.pp.ua/smart.php?id=Nickelodeon&token=tmxk
2025-11-16 04:24:53,186 - WARNING - url: https://tmxk.pp.ua/smart-cn.m3u 中有无法解析的行: https://smart.dxjc.pp.ua/smart.php?id=Nickjr&token=tmxk
2025-11-16 04:24:53,186 - WARNING - url: https://tmxk.pp.ua/smart-cn.m3u 中有无法解析的行: https://smart.dxjc.pp.ua/smart.php?id=Dreamworks&token=tmxk
2025-11-16 04:24:53,186 - WARNING - url: https://tmxk.pp.ua/smart-cn.m3u 中有无法解析的行: https://smart.dxjc.pp.ua/smart.php?id=Siar&token=tmxk
2025-11-16 04:24:53,186 - WARNING - url: https://tmxk.pp.ua/smart-cn.m3u 中有无法解析的行: https://smart.dxjc.pp.ua/smart.php?id=AAcitra&token=tmxk
2025-11-16 04:24:53,186 - WARNING - url: https://tmxk.pp.ua/smart-cn.m3u 中有无法解析的行: https://smart.dxjc.pp.ua/smart.php?id=AAcitra1&token=tmxk
2025-11-16 04:24:53,186 - WARNING - url: https://tmxk.pp.ua/smart-cn.m3u 中有无法解析的行: https://smart.dxjc.pp.ua/smart.php?id=Sensasi&token=tmxk
2025-11-16 04:24:53,186 - WARNING - url: https://tmxk.pp.ua/smart-cn.m3u 中有无法解析的行: https://smart.dxjc.pp.ua/smart.php?id=Aura&token=tmxk
2025-11-16 04:24:53,186 - WARNING - url: https://tmxk.pp.ua/smart-cn.m3u 中有无法解析的行: https://smart.dxjc.pp.ua/smart.php?id=Rania&token=tmxk
2025-11-16 04:24:53,186 - WARNING - url: https://tmxk.pp.ua/smart-cn.m3u 中有无法解析的行: https://smart.dxjc.pp.ua/smart.php?id=KBS&token=tmxk
2025-11-16 04:24:53,186 - WARNING - url: https://tmxk.pp.ua/smart-cn.m3u 中有无法解析的行: https://smart.dxjc.pp.ua/smart.php?id=Boo&token=tmxk
2025-11-16 04:24:53,186 - WARNING - url: https://tmxk.pp.ua/smart-cn.m3u 中有无法解析的行: https://smart.dxjc.pp.ua/smart.php?id=Dsangat&token=tmxk
2025-11-16 04:24:53,186 - WARNING - url: https://tmxk.pp.ua/smart-cn.m3u 中有无法解析的行: https://smart.dxjc.pp.ua/smart.php?id=Asonypix&token=tmxk
2025-11-16 04:24:53,186 - WARNING - url: https://tmxk.pp.ua/smart-cn.m3u 中有无法解析的行: https://smart.dxjc.pp.ua/smart.php?id=SetOne&token=tmxk
2025-11-16 04:24:53,186 - WARNING - url: https://tmxk.pp.ua/smart-cn.m3u 中有无法解析的行: https://smart.dxjc.pp.ua/smart.php?id=TVN&token=tmxk
2025-11-16 04:24:53,187 - WARNING - url: https://tmxk.pp.ua/smart-cn.m3u 中有无法解析的行: https://smart.dxjc.pp.ua/smart.php?id=AEC&token=tmxk
2025-11-16 04:24:53,187 - WARNING - url: https://tmxk.pp.ua/smart-cn.m3u 中有无法解析的行: https://smart.dxjc.pp.ua/smart.php?id=Wlt&token=tmxk
2025-11-16 04:24:53,187 - WARNING - url: https://tmxk.pp.ua/smart-cn.m3u 中有无法解析的行: https://smart.dxjc.pp.ua/smart.php?id=Huahee&token=tmxk
2025-11-16 04:24:53,187 - WARNING - url: https://tmxk.pp.ua/smart-cn.m3u 中有无法解析的行: https://smart.dxjc.pp.ua/smart.php?id=Quanjia&token=tmxk
2025-11-16 04:24:53,187 - WARNING - url: https://tmxk.pp.ua/smart-cn.m3u 中有无法解析的行: https://smart.dxjc.pp.ua/smart.php?id=Tvbjade&token=tmxk
2025-11-16 04:24:53,187 - WARNING - url: https://tmxk.pp.ua/smart-cn.m3u 中有无法解析的行: https://smart.dxjc.pp.ua/smart.php?id=Tvbasia&token=tmxk
2025-11-16 04:24:53,187 - WARNING - url: https://tmxk.pp.ua/smart-cn.m3u 中有无法解析的行: https://smart.dxjc.pp.ua/smart.php?id=Tvbentertainment&token=tmxk
2025-11-16 04:24:53,187 - WARNING - url: https://tmxk.pp.ua/smart-cn.m3u 中有无法解析的行: https://smart.dxjc.pp.ua/smart.php?id=Tvbclassic&token=tmxk
2025-11-16 04:24:53,187 - WARNING - url: https://tmxk.pp.ua/smart-cn.m3u 中有无法解析的行: https://smart.dxjc.pp.ua/smart.php?id=Aodhd&token=tmxk
2025-11-16 04:24:53,187 - WARNING - url: https://tmxk.pp.ua/smart-cn.m3u 中有无法解析的行: https://smart.dxjc.pp.ua/smart.php?id=One&token=tmxk
2025-11-16 04:24:53,187 - WARNING - url: https://tmxk.pp.ua/smart-cn.m3u 中有无法解析的行: https://smart.dxjc.pp.ua/smart.php?id=Xinhe&token=tmxk
2025-11-16 04:24:53,187 - WARNING - url: https://tmxk.pp.ua/smart-cn.m3u 中有无法解析的行: https://smart.dxjc.pp.ua/smart.php?id=Qiyi&token=tmxk
2025-11-16 04:24:53,187 - WARNING - url: https://tmxk.pp.ua/smart-cn.m3u 中有无法解析的行: https://smart.dxjc.pp.ua/smart.php?id=AnimalPlanet&token=tmxk
2025-11-16 04:24:53,187 - WARNING - url: https://tmxk.pp.ua/smart-cn.m3u 中有无法解析的行: https://smart.dxjc.pp.ua/smart.php?id=Tvnmovie&token=tmxk
2025-11-16 04:24:53,187 - WARNING - url: https://tmxk.pp.ua/smart-cn.m3u 中有无法解析的行: https://smart.dxjc.pp.ua/smart.php?id=cnn_twn&token=tmxk
2025-11-16 04:24:53,188 - WARNING - url: https://tmxk.pp.ua/smart-cn.m3u 中有无法解析的行: https://smart.dxjc.pp.ua/smart.php?id=Celestial2&token=tmxk
2025-11-16 04:24:53,188 - WARNING - url: https://tmxk.pp.ua/smart-cn.m3u 中有无法解析的行: https://smart.dxjc.pp.ua/smart.php?id=cnbc_twn&token=tmxk
2025-11-16 04:24:53,188 - WARNING - url: https://tmxk.pp.ua/smart-cn.m3u 中有无法解析的行: https://smart.dxjc.pp.ua/smart.php?id=Tlc&token=tmxk
2025-11-16 04:24:53,188 - WARNING - url: https://tmxk.pp.ua/smart-cn.m3u 中有无法解析的行: https://smart.dxjc.pp.ua/smart.php?id=cna&token=tmxk
2025-11-16 04:24:53,188 - WARNING - url: https://tmxk.pp.ua/smart-cn.m3u 中有无法解析的行: https://smart.dxjc.pp.ua/smart.php?id=bbcnews_twn&token=tmxk
2025-11-16 04:24:53,188 - WARNING - url: https://tmxk.pp.ua/smart-cn.m3u 中有无法解析的行: https://smart.dxjc.pp.ua/smart.php?id=Foodnetwork&token=tmxk
2025-11-16 04:24:53,188 - WARNING - url: https://tmxk.pp.ua/smart-cn.m3u 中有无法解析的行: https://smart.dxjc.pp.ua/smart.php?id=HGTV&token=tmxk
2025-11-16 04:24:53,188 - WARNING - url: https://tmxk.pp.ua/smart-cn.m3u 中有无法解析的行: https://smart.dxjc.pp.ua/smart.php?id=Goshop&token=tmxk
2025-11-16 04:24:53,188 - WARNING - url: https://tmxk.pp.ua/smart-cn.m3u 中有无法解析的行: https://smart.dxjc.pp.ua/smart.php?id=Celestial&token=tmxk
2025-11-16 04:24:53,188 - WARNING - url: https://tmxk.pp.ua/smart-cn.m3u 中有无法解析的行: https://smart.dxjc.pp.ua/smart.php?id=Axn&token=tmxk
2025-11-16 04:24:53,188 - WARNING - url: https://tmxk.pp.ua/smart-cn.m3u 中有无法解析的行: https://smart.dxjc.pp.ua/smart.php?id=Paramountnetwork&token=tmxk
2025-11-16 04:24:53,188 - WARNING - url: https://tmxk.pp.ua/smart-cn.m3u 中有无法解析的行: https://smart.dxjc.pp.ua/smart.php?id=Kplus&token=tmxk
2025-11-16 04:24:53,188 - WARNING - url: https://tmxk.pp.ua/smart-cn.m3u 中有无法解析的行: https://smart.dxjc.pp.ua/smart.php?id=asiatravel_twn&token=tmxk
2025-11-16 04:24:53,188 - WARNING - url: https://tmxk.pp.ua/smart-cn.m3u 中有无法解析的行: https://smart.dxjc.pp.ua/smart.php?id=Rockaction&token=tmxk
2025-11-16 04:24:53,188 - WARNING - url: https://tmxk.pp.ua/smart-cn.m3u 中有无法解析的行: https://smart.dxjc.pp.ua/smart.php?id=bloomberg_twn&token=tmxk
2025-11-16 04:24:53,188 - WARNING - url: https://tmxk.pp.ua/smart-cn.m3u 中有无法解析的行: https://smart.dxjc.pp.ua/smart.php?id=aljazeera_twn&token=tmxk
2025-11-16 04:24:53,189 - WARNING - url: https://tmxk.pp.ua/smart-cn.m3u 中有无法解析的行: https://smart.dxjc.pp.ua/smart.php?id=Rockentertain&token=tmxk
2025-11-16 04:24:53,189 - WARNING - url: https://tmxk.pp.ua/smart-cn.m3u 中有无法解析的行: https://smart.dxjc.pp.ua/smart.php?id=Rtmsport&token=tmxk
2025-11-16 04:24:53,189 - WARNING - url: https://tmxk.pp.ua/smart-cn.m3u 中有无法解析的行: https://smart.dxjc.pp.ua/smart.php?id=Arena&token=tmxk
2025-11-16 04:24:53,189 - WARNING - url: https://tmxk.pp.ua/smart-cn.m3u 中有无法解析的行: https://smart.dxjc.pp.ua/smart.php?id=Arena2&token=tmxk
2025-11-16 04:24:53,189 - WARNING - url: https://tmxk.pp.ua/smart-cn.m3u 中有无法解析的行: https://smart.dxjc.pp.ua/smart.php?id=Bolaarena1&token=tmxk
2025-11-16 04:24:53,189 - WARNING - url: https://tmxk.pp.ua/smart-cn.m3u 中有无法解析的行: https://smart.dxjc.pp.ua/smart.php?id=Bolaarena2&token=tmxk
2025-11-16 04:24:53,189 - WARNING - url: https://tmxk.pp.ua/smart-cn.m3u 中有无法解析的行: https://smart.dxjc.pp.ua/smart.php?id=Astro_lol&token=tmxk
2025-11-16 04:24:53,189 - WARNING - url: https://tmxk.pp.ua/smart-cn.m3u 中有无法解析的行: https://smart.dxjc.pp.ua/smart.php?id=Rusi&token=tmxk
2025-11-16 04:24:53,189 - WARNING - url: https://tmxk.pp.ua/smart-cn.m3u 中有无法解析的行: https://smart.dxjc.pp.ua/smart.php?id=Wion&token=tmxk
2025-11-16 04:24:53,189 - WARNING - url: https://tmxk.pp.ua/smart-cn.m3u 中有无法解析的行: https://smart.dxjc.pp.ua/smart.php?id=Rtmasean&token=tmxk
2025-11-16 04:24:53,189 - WARNING - url: https://tmxk.pp.ua/smart-cn.m3u 中有无法解析的行: https://smart.dxjc.pp.ua/smart.php?id=TVRI&token=tmxk
2025-11-16 04:24:53,189 - WARNING - url: https://tmxk.pp.ua/smart-cn.m3u 中有无法解析的行: https://smart.dxjc.pp.ua/smart.php?id=Rcti&token=tmxk
2025-11-16 04:24:53,189 - WARNING - url: https://tmxk.pp.ua/smart-cn.m3u 中有无法解析的行: https://smart.dxjc.pp.ua/smart.php?id=Kompass&token=tmxk
2025-11-16 04:24:53,189 - WARNING - url: https://tmxk.pp.ua/smart-cn.m3u 中有无法解析的行: https://smart.dxjc.pp.ua/smart.php?id=BeritaSatu_eko&token=tmxk
2025-11-16 04:24:53,189 - WARNING - url: https://tmxk.pp.ua/smart-cn.m3u 中有无法解析的行: https://smart.dxjc.pp.ua/smart.php?id=Indosiar&token=tmxk
2025-11-16 04:24:53,190 - WARNING - url: https://tmxk.pp.ua/smart-cn.m3u 中有无法解析的行: https://smart.dxjc.pp.ua/smart.php?id=Antv&token=tmxk
2025-11-16 04:24:53,190 - WARNING - url: https://tmxk.pp.ua/smart-cn.m3u 中有无法解析的行: https://smart.dxjc.pp.ua/smart.php?id=Mnctv&token=tmxk
2025-11-16 04:24:53,190 - WARNING - url: https://tmxk.pp.ua/smart-cn.m3u 中有无法解析的行: https://smart.dxjc.pp.ua/smart.php?id=Trans7_eko&token=tmxk
2025-11-16 04:24:53,190 - WARNING - url: https://tmxk.pp.ua/smart-cn.m3u 中有无法解析的行: https://smart.dxjc.pp.ua/smart.php?id=Transtv&token=tmxk
2025-11-16 04:24:53,190 - WARNING - url: https://tmxk.pp.ua/smart-cn.m3u 中有无法解析的行: https://smart.dxjc.pp.ua/smart.php?id=JTV_eko&token=tmxk
2025-11-16 04:24:53,190 - WARNING - url: https://tmxk.pp.ua/smart-cn.m3u 中有无法解析的行: https://smart.dxjc.pp.ua/smart.php?id=metrotv_eko&token=tmxk
2025-11-16 04:24:53,190 - WARNING - url: https://tmxk.pp.ua/smart-cn.m3u 中有无法解析的行: https://smart.dxjc.pp.ua/smart.php?id=Cinemax&token=tmxk
2025-11-16 04:24:53,190 - WARNING - url: https://tmxk.pp.ua/smart-cn.m3u 中有无法解析的行: https://smart.dxjc.pp.ua/smart.php?id=SCTV&token=tmxk
2025-11-16 04:24:53,190 - WARNING - url: https://tmxk.pp.ua/smart-cn.m3u 中有无法解析的行: https://smart.dxjc.pp.ua/smart.php?id=Tvone&token=tmxk
2025-11-16 04:24:53,190 - WARNING - url: https://tmxk.pp.ua/smart-cn.m3u 中有无法解析的行: https://smart.dxjc.pp.ua/smart.php?id=TVMU_eko&token=tmxk
2025-11-16 04:24:53,190 - WARNING - url: https://tmxk.pp.ua/smart-cn.m3u 中有无法解析的行: https://smart.dxjc.pp.ua/smart.php?id=Gtv&token=tmxk
2025-11-16 04:24:53,190 - WARNING - url: https://tmxk.pp.ua/smart-cn.m3u 中有无法解析的行: https://smart.dxjc.pp.ua/smart.php?id=Rtv&token=tmxk
2025-11-16 04:24:53,190 - WARNING - url: https://tmxk.pp.ua/smart-cn.m3u 中有无法解析的行: https://smart.dxjc.pp.ua/smart.php?id=JakTV&token=tmxk
2025-11-16 04:24:53,190 - WARNING - url: https://tmxk.pp.ua/smart-cn.m3u 中有无法解析的行: https://smart.dxjc.pp.ua/smart.php?id=Inewstv&token=tmxk
2025-11-16 04:24:53,190 - WARNING - url: https://tmxk.pp.ua/smart-cn.m3u 中有无法解析的行: https://smart.dxjc.pp.ua/smart.php?id=DaaiTV&token=tmxk
2025-11-16 04:24:53,190 - WARNING - url: https://tmxk.pp.ua/smart-cn.m3u 中有无法解析的行: https://smart.dxjc.pp.ua/smart.php?id=NetTV&token=tmxk
2025-11-16 04:24:53,191 - WARNING - url: https://tmxk.pp.ua/smart-cn.m3u 中有无法解析的行: https://smart.dxjc.pp.ua/smart.php?id=Animax&token=tmxk
2025-11-16 04:24:53,191 - WARNING - url: https://tmxk.pp.ua/smart-cn.m3u 中有无法解析的行: https://smart.dxjc.pp.ua/smart.php?id=Ewtn&token=tmxk
2025-11-16 04:24:53,191 - WARNING - url: https://tmxk.pp.ua/smart-cn.m3u 中有无法解析的行: https://smart.dxjc.pp.ua/smart.php?id=AlQuran&token=tmxk
2025-11-16 04:24:53,191 - WARNING - url: https://tmxk.pp.ua/smart-cn.m3u 中有无法解析的行: https://smart.dxjc.pp.ua/smart.php?id=TawafTV&token=tmxk
2025-11-16 04:24:53,191 - WARNING - url: https://tmxk.pp.ua/smart-cn.m3u 中有无法解析的行: https://smart.dxjc.pp.ua/smart.php?id=VisionPrime&token=tmxk
2025-11-16 04:24:53,191 - WARNING - url: https://tmxk.pp.ua/smart-cn.m3u 中有无法解析的行: https://smart.dxjc.pp.ua/smart.php?id=MuslimTV&token=tmxk
2025-11-16 04:24:53,191 - WARNING - url: https://tmxk.pp.ua/smart-cn.m3u 中有无法解析的行: https://smart.dxjc.pp.ua/smart.php?id=MusicTV&token=tmxk
2025-11-16 04:24:53,191 - WARNING - url: https://tmxk.pp.ua/smart-cn.m3u 中有无法解析的行: https://smart.dxjc.pp.ua/smart.php?id=Lifestyle&token=tmxk
2025-11-16 04:24:53,191 - WARNING - url: https://tmxk.pp.ua/smart-cn.m3u 中有无法解析的行: https://smart.dxjc.pp.ua/smart.php?id=Entertain&token=tmxk
2025-11-16 04:24:53,191 - WARNING - url: https://tmxk.pp.ua/smart-cn.m3u 中有无法解析的行: https://smart.dxjc.pp.ua/smart.php?id=Hits&token=tmxk
2025-11-16 04:24:53,191 - WARNING - url: https://tmxk.pp.ua/smart-cn.m3u 中有无法解析的行: https://smart.dxjc.pp.ua/smart.php?id=WarnerTV&token=tmxk
2025-11-16 04:24:53,191 - WARNING - url: https://tmxk.pp.ua/smart-cn.m3u 中有无法解析的行: https://smart.dxjc.pp.ua/smart.php?id=Weishimovie&token=tmxk
2025-11-16 04:24:53,191 - WARNING - url: https://tmxk.pp.ua/smart-cn.m3u 中有无法解析的行: https://smart.dxjc.pp.ua/smart.php?id=Thrill&token=tmxk
2025-11-16 04:24:53,191 - WARNING - url: https://tmxk.pp.ua/smart-cn.m3u 中有无法解析的行: https://smart.dxjc.pp.ua/smart.php?id=Fs&token=tmxk
2025-11-16 04:24:53,191 - WARNING - url: https://tmxk.pp.ua/smart-cn.m3u 中有无法解析的行: https://smart.dxjc.pp.ua/smart.php?id=Hitsmovie&token=tmxk
2025-11-16 04:24:53,191 - WARNING - url: https://tmxk.pp.ua/smart-cn.m3u 中有无法解析的行: https://smart.dxjc.pp.ua/smart.php?id=One&token=tmxk
2025-11-16 04:24:53,192 - WARNING - url: https://tmxk.pp.ua/smart-cn.m3u 中有无法解析的行: https://smart.dxjc.pp.ua/smart.php?id=Tvnmovie&token=tmxk
2025-11-16 04:24:53,192 - WARNING - url: https://tmxk.pp.ua/smart-cn.m3u 中有无法解析的行: https://smart.dxjc.pp.ua/smart.php?id=Celestialindo&token=tmxk
2025-11-16 04:24:53,192 - WARNING - url: https://tmxk.pp.ua/smart-cn.m3u 中有无法解析的行: https://smart.dxjc.pp.ua/smart.php?id=Rockaction&token=tmxk
2025-11-16 04:24:53,192 - WARNING - url: https://tmxk.pp.ua/smart-cn.m3u 中有无法解析的行: https://smart.dxjc.pp.ua/smart.php?id=Rockentertain&token=tmxk
2025-11-16 04:24:53,192 - WARNING - url: https://tmxk.pp.ua/smart-cn.m3u 中有无法解析的行: https://smart.dxjc.pp.ua/smart.php?id=Suntv&token=tmxk
2025-11-16 04:24:53,192 - WARNING - url: https://tmxk.pp.ua/smart-cn.m3u 中有无法解析的行: https://smart.dxjc.pp.ua/smart.php?id=Starvijay&token=tmxk
2025-11-16 04:24:53,192 - WARNING - url: https://tmxk.pp.ua/smart-cn.m3u 中有无法解析的行: https://smart.dxjc.pp.ua/smart.php?id=Colorstam&token=tmxk
2025-11-16 04:24:53,192 - WARNING - url: https://tmxk.pp.ua/smart-cn.m3u 中有无法解析的行: https://smart.dxjc.pp.ua/smart.php?id=Sunmusic&token=tmxk
2025-11-16 04:24:53,192 - WARNING - url: https://tmxk.pp.ua/smart-cn.m3u 中有无法解析的行: https://smart.dxjc.pp.ua/smart.php?id=Sunlife&token=tmxk
2025-11-16 04:24:53,192 - WARNING - url: https://tmxk.pp.ua/smart-cn.m3u 中有无法解析的行: https://smart.dxjc.pp.ua/smart.php?id=Vaanavil&token=tmxk
2025-11-16 04:24:53,192 - WARNING - url: https://tmxk.pp.ua/smart-cn.m3u 中有无法解析的行: https://smart.dxjc.pp.ua/smart.php?id=Zeetamil&token=tmxk
2025-11-16 04:24:53,192 - WARNING - url: https://tmxk.pp.ua/smart-cn.m3u 中有无法解析的行: https://smart.dxjc.pp.ua/smart.php?id=Zeebusiness&token=tmxk
2025-11-16 04:24:53,192 - WARNING - url: https://tmxk.pp.ua/smart-cn.m3u 中有无法解析的行: https://smart.dxjc.pp.ua/smart.php?id=news18tamil_raj&token=tmxk
2025-11-16 04:24:53,192 - WARNING - url: https://tmxk.pp.ua/smart-cn.m3u 中有无法解析的行: https://smart.dxjc.pp.ua/smart.php?id=Adithya&token=tmxk
2025-11-16 04:24:53,192 - WARNING - url: https://tmxk.pp.ua/smart-cn.m3u 中有无法解析的行: https://smart.dxjc.pp.ua/smart.php?id=Makkaltv&token=tmxk
2025-11-16 04:24:53,193 - WARNING - url: https://tmxk.pp.ua/smart-cn.m3u 中有无法解析的行: https://smart.dxjc.pp.ua/smart.php?id=Zeeaction&token=tmxk
2025-11-16 04:24:53,193 - WARNING - url: https://tmxk.pp.ua/smart-cn.m3u 中有无法解析的行: https://smart.dxjc.pp.ua/smart.php?id=Astroktv&token=tmxk
2025-11-16 04:24:53,193 - WARNING - url: https://tmxk.pp.ua/smart-cn.m3u 中有无法解析的行: https://smart.dxjc.pp.ua/smart.php?id=Zeetvhd&token=tmxk
2025-11-16 04:24:53,193 - WARNING - url: https://tmxk.pp.ua/smart-cn.m3u 中有无法解析的行: https://smart.dxjc.pp.ua/smart.php?id=Zeecinemahd&token=tmxk
2025-11-16 04:24:53,193 - WARNING - url: https://tmxk.pp.ua/smart-cn.m3u 中有无法解析的行: https://smart.dxjc.pp.ua/smart.php?id=Colorhd&token=tmxk
2025-11-16 04:24:53,193 - WARNING - url: https://tmxk.pp.ua/smart-cn.m3u 中有无法解析的行: https://smart.dxjc.pp.ua/smart.php?id=Starplushd&token=tmxk
2025-11-16 04:24:53,193 - WARNING - url: https://tmxk.pp.ua/smart-cn.m3u 中有无法解析的行: https://smart.dxjc.pp.ua/smart.php?id=Npicture&token=tmxk
2025-11-16 04:24:53,193 - WARNING - url: https://tmxk.pp.ua/smart-cn.m3u 中有无法解析的行: https://smart.dxjc.pp.ua/smart.php?id=Zeenews&token=tmxk
2025-11-16 04:24:53,193 - WARNING - url: https://tmxk.pp.ua/smart-cn.m3u 中有无法解析的行: https://smart.dxjc.pp.ua/smart.php?id=asianet_raj&token=tmxk
2025-11-16 04:24:53,193 - WARNING - url: https://tmxk.pp.ua/smart-cn.m3u 中有无法解析的行: https://smart.dxjc.pp.ua/smart.php?id=asianetnews_raj&token=tmxk
2025-11-16 04:24:53,193 - WARNING - url: https://tmxk.pp.ua/smart-cn.m3u 中有无法解析的行: https://smart.dxjc.pp.ua/smart.php?id=discoveryworldtam_raj&token=tmxk
2025-11-16 04:24:53,193 - WARNING - url: https://tmxk.pp.ua/smart-cn.m3u 中有无法解析的行: https://smart.dxjc.pp.ua/smart.php?id=historytam_raj&token=tmxk
2025-11-16 04:24:53,193 - WARNING - url: https://tmxk.pp.ua/smart-cn.m3u 中有无法解析的行: https://smart.dxjc.pp.ua/smart.php?id=natgeotamil_raj&token=tmxk
2025-11-16 04:24:53,193 - WARNING - url: https://tmxk.pp.ua/smart-cn.m3u 中有无法解析的行: https://smart.dxjc.pp.ua/smart.php?id=natgeowildtamil_raj&token=tmxk
2025-11-16 04:24:53,193 - WARNING - url: https://tmxk.pp.ua/smart-cn.m3u 中有无法解析的行: https://smart.dxjc.pp.ua/smart.php?id=Asonypix&token=tmxk
2025-11-16 04:24:53,193 - WARNING - url: https://tmxk.pp.ua/smart-cn.m3u 中有无法解析的行: https://smart.dxjc.pp.ua/smart.php?id=discoverykidtamil_raj&token=tmxk
2025-11-16 04:24:53,194 - WARNING - url: https://tmxk.pp.ua/smart-cn.m3u 中有无法解析的行: https://smart.dxjc.pp.ua/smart.php?id=discoverytamil_raj&token=tmxk
2025-11-16 04:24:53,194 - WARNING - url: https://tmxk.pp.ua/smart-cn.m3u 中有无法解析的行: https://smart.dxjc.pp.ua/smart.php?id=sonyyaytam_raj&token=tmxk
2025-11-16 04:24:53,194 - WARNING - url: https://tmxk.pp.ua/smart-cn.m3u 中有无法解析的行: https://smart.dxjc.pp.ua/smart.php?id=suntv_raj&token=tmxk
2025-11-16 04:24:53,194 - WARNING - url: https://tmxk.pp.ua/smart-cn.m3u 中有无法解析的行: https://smart.dxjc.pp.ua/smart.php?id=starmaa_raj&token=tmxk
2025-11-16 04:24:53,194 - WARNING - url: https://tmxk.pp.ua/smart-cn.m3u 中有无法解析的行: https://smart.dxjc.pp.ua/smart.php?id=starmaamovies_raj&token=tmxk
2025-11-16 04:24:53,194 - WARNING - url: https://tmxk.pp.ua/smart-cn.m3u 中有无法解析的行: https://smart.dxjc.pp.ua/smart.php?id=Bollyone&token=tmxk
2025-11-16 04:24:53,194 - WARNING - url: https://tmxk.pp.ua/smart-cn.m3u 中有无法解析的行: https://smart.dxjc.pp.ua/smart.php?id=Sunmusic&token=tmxk
2025-11-16 04:24:53,194 - WARNING - url: https://tmxk.pp.ua/smart-cn.m3u 中有无法解析的行: https://smart.dxjc.pp.ua/smart.php?id=vijaysuper_raj&token=tmxk
2025-11-16 04:24:53,194 - WARNING - url: https://tmxk.pp.ua/smart-cn.m3u 中有无法解析的行: https://smart.dxjc.pp.ua/smart.php?id=Vellithirai&token=tmxk
2025-11-16 04:24:53,194 - WARNING - url: https://tmxk.pp.ua/smart-cn.m3u 中有无法解析的行: https://smart.dxjc.pp.ua/smart.php?id=ch3_pat&token=tmxk
2025-11-16 04:24:53,194 - WARNING - url: https://tmxk.pp.ua/smart-cn.m3u 中有无法解析的行: https://smart.dxjc.pp.ua/smart.php?id=ch5_pat&token=tmxk
2025-11-16 04:24:53,194 - WARNING - url: https://tmxk.pp.ua/smart-cn.m3u 中有无法解析的行: https://smart.dxjc.pp.ua/smart.php?id=ch7_pat&token=tmxk
2025-11-16 04:24:53,194 - WARNING - url: https://tmxk.pp.ua/smart-cn.m3u 中有无法解析的行: https://smart.dxjc.pp.ua/smart.php?id=mcot_pat&token=tmxk
2025-11-16 04:24:53,194 - WARNING - url: https://tmxk.pp.ua/smart-cn.m3u 中有无法解析的行: https://smart.dxjc.pp.ua/smart.php?id=pptv_pat&token=tmxk
2025-11-16 04:24:53,194 - WARNING - url: https://tmxk.pp.ua/smart-cn.m3u 中有无法解析的行: https://smart.dxjc.pp.ua/smart.php?id=thaithai_pat&token=tmxk
2025-11-16 04:24:53,195 - WARNING - url: https://tmxk.pp.ua/smart-cn.m3u 中有无法解析的行: https://smart.dxjc.pp.ua/smart.php?id=amarin_pat&token=tmxk
2025-11-16 04:24:53,195 - WARNING - url: https://tmxk.pp.ua/smart-cn.m3u 中有无法解析的行: https://smart.dxjc.pp.ua/smart.php?id=ch8_pat&token=tmxk
2025-11-16 04:24:53,195 - WARNING - url: https://tmxk.pp.ua/smart-cn.m3u 中有无法解析的行: https://smart.dxjc.pp.ua/smart.php?id=gmmone_pat&token=tmxk
2025-11-16 04:24:53,195 - WARNING - url: https://tmxk.pp.ua/smart-cn.m3u 中有无法解析的行: https://smart.dxjc.pp.ua/smart.php?id=mono_pat&token=tmxk
2025-11-16 04:24:53,195 - WARNING - url: https://tmxk.pp.ua/smart-cn.m3u 中有无法解析的行: https://smart.dxjc.pp.ua/smart.php?id=thairath_pat&token=tmxk
2025-11-16 04:24:53,195 - WARNING - url: https://tmxk.pp.ua/smart-cn.m3u 中有无法解析的行: https://smart.dxjc.pp.ua/smart.php?id=tpbs_pat&token=tmxk
2025-11-16 04:24:53,195 - WARNING - url: https://tmxk.pp.ua/smart-cn.m3u 中有无法解析的行: https://smart.dxjc.pp.ua/smart.php?id=workpoint_pat&token=tmxk
2025-11-16 04:24:53,195 - WARNING - url: https://tmxk.pp.ua/smart-cn.m3u 中有无法解析的行: https://smart.dxjc.pp.ua/smart.php?id=gmmchannel_pat&token=tmxk
2025-11-16 04:24:53,195 - WARNING - url: https://tmxk.pp.ua/smart-cn.m3u 中有无法解析的行: https://smart.dxjc.pp.ua/smart.php?id=nation_pat&token=tmxk
2025-11-16 04:24:53,195 - WARNING - url: https://tmxk.pp.ua/smart-cn.m3u 中有无法解析的行: https://smart.dxjc.pp.ua/smart.php?id=tnn24_pat&token=tmxk
2025-11-16 04:24:53,195 - WARNING - url: https://tmxk.pp.ua/smart-cn.m3u 中有无法解析的行: https://smart.dxjc.pp.ua/smart.php?id=nbt_pat&token=tmxk
2025-11-16 04:24:53,195 - WARNING - url: https://tmxk.pp.ua/smart-cn.m3u 中有无法解析的行: https://smart.dxjc.pp.ua/smart.php?id=new_pat&token=tmxk
2025-11-16 04:24:53,195 - WARNING - url: https://tmxk.pp.ua/smart-cn.m3u 中有无法解析的行: https://smart.dxjc.pp.ua/smart.php?id=tptv_pat&token=tmxk
2025-11-16 04:24:53,195 - WARNING - url: https://tmxk.pp.ua/smart-cn.m3u 中有无法解析的行: https://smart.dxjc.pp.ua/smart.php?id=bbc1_antik&token=tmxk
2025-11-16 04:24:53,195 - WARNING - url: https://tmxk.pp.ua/smart-cn.m3u 中有无法解析的行: https://smart.dxjc.pp.ua/smart.php?id=bbc2_antik&token=tmxk
2025-11-16 04:24:53,195 - WARNING - url: https://tmxk.pp.ua/smart-cn.m3u 中有无法解析的行: https://smart.dxjc.pp.ua/smart.php?id=cbbc_antik&token=tmxk
2025-11-16 04:24:53,196 - WARNING - url: https://tmxk.pp.ua/smart-cn.m3u 中有无法解析的行: https://smart.dxjc.pp.ua/smart.php?id=more4_antik&token=tmxk
2025-11-16 04:24:53,196 - WARNING - url: https://tmxk.pp.ua/smart-cn.m3u 中有无法解析的行: https://smart.dxjc.pp.ua/smart.php?id=freesports_antik&token=tmxk
2025-11-16 04:24:53,196 - WARNING - url: https://tmxk.pp.ua/smart-cn.m3u 中有无法解析的行: https://smart.dxjc.pp.ua/smart.php?id=skynews_twn&token=tmxk
2025-11-16 04:24:53,196 - WARNING - url: https://tmxk.pp.ua/smart-cn.m3u 中有无法解析的行: https://smart.dxjc.pp.ua/smart.php?id=picktv_antik&token=tmxk
2025-11-16 04:24:53,196 - WARNING - url: https://tmxk.pp.ua/smart-cn.m3u 中有无法解析的行: https://smart.dxjc.pp.ua/smart.php?id=itv1_antik&token=tmxk
2025-11-16 04:24:53,196 - WARNING - url: https://tmxk.pp.ua/smart-cn.m3u 中有无法解析的行: https://smart.dxjc.pp.ua/smart.php?id=itv2_antik&token=tmxk
2025-11-16 04:24:53,196 - WARNING - url: https://tmxk.pp.ua/smart-cn.m3u 中有无法解析的行: https://smart.dxjc.pp.ua/smart.php?id=euronews_antik&token=tmxk
2025-11-16 04:24:53,196 - WARNING - url: https://tmxk.pp.ua/smart-cn.m3u 中有无法解析的行: https://smart.dxjc.pp.ua/smart.php?id=channel4_antik&token=tmxk
2025-11-16 04:24:53,196 - WARNING - url: https://tmxk.pp.ua/smart-cn.m3u 中有无法解析的行: https://smart.dxjc.pp.ua/smart.php?id=Natgeo&token=tmxk
2025-11-16 04:24:53,196 - WARNING - url: https://tmxk.pp.ua/smart-cn.m3u 中有无法解析的行: https://smart.dxjc.pp.ua/smart.php?id=Cbeebies&token=tmxk
2025-11-16 04:24:53,196 - WARNING - url: https://tmxk.pp.ua/smart-cn.m3u 中有无法解析的行: https://smart.dxjc.pp.ua/smart.php?id=History&token=tmxk
2025-11-16 04:24:53,196 - WARNING - url: https://tmxk.pp.ua/smart-cn.m3u 中有无法解析的行: https://smart.dxjc.pp.ua/smart.php?id=KidsTV&token=tmxk
2025-11-16 04:24:53,196 - WARNING - url: https://tmxk.pp.ua/smart-cn.m3u 中有无法解析的行: https://smart.dxjc.pp.ua/smart.php?id=france24_twn&token=tmxk
2025-11-16 04:24:53,196 - WARNING - url: https://tmxk.pp.ua/smart-cn.m3u 中有无法解析的行: https://smart.dxjc.pp.ua/smart.php?id=dw_twn&token=tmxk
2025-11-16 04:24:53,196 - WARNING - url: https://tmxk.pp.ua/smart-cn.m3u 中有无法解析的行: https://smart.dxjc.pp.ua/smart.php?id=bbcearth_twn&token=tmxk
2025-11-16 04:24:53,196 - WARNING - url: https://tmxk.pp.ua/smart-cn.m3u 中有无法解析的行: https://smart.dxjc.pp.ua/smart.php?id=bbclifestyle_twn&token=tmxk
2025-11-16 04:24:53,197 - WARNING - url: https://tmxk.pp.ua/smart-cn.m3u 中有无法解析的行: https://smart.dxjc.pp.ua/smart.php?id=mtvhd_twn&token=tmxk
2025-11-16 04:24:53,197 - WARNING - url: https://tmxk.pp.ua/smart-cn.m3u 中有无法解析的行: https://smart.dxjc.pp.ua/smart.php?id=starmovies_raj&token=tmxk
2025-11-16 04:24:53,197 - WARNING - url: https://tmxk.pp.ua/smart-cn.m3u 中有无法解析的行: https://smart.dxjc.pp.ua/smart.php?id=nhkworld_japan&token=tmxk
2025-11-16 04:24:53,197 - WARNING - url: https://tmxk.pp.ua/smart-cn.m3u 中有无法解析的行: https://smart.dxjc.pp.ua/smart.php?id=WarnerTV&token=tmxk
2025-11-16 04:24:53,197 - WARNING - url: https://tmxk.pp.ua/smart-cn.m3u 中有无法解析的行: https://smart.dxjc.pp.ua/smart.php?id=Hbo&token=tmxk
2025-11-16 04:24:53,197 - WARNING - url: https://tmxk.pp.ua/smart-cn.m3u 中有无法解析的行: https://smart.dxjc.pp.ua/smart.php?id=Natgeowild&token=tmxk
2025-11-16 04:24:53,197 - WARNING - url: https://tmxk.pp.ua/smart-cn.m3u 中有无法解析的行: https://smart.dxjc.pp.ua/smart.php?id=Nickelodeon&token=tmxk
2025-11-16 04:24:53,197 - WARNING - url: https://tmxk.pp.ua/smart-cn.m3u 中有无法解析的行: https://smart.dxjc.pp.ua/smart.php?id=Nickjr&token=tmxk
2025-11-16 04:24:53,197 - WARNING - url: https://tmxk.pp.ua/smart-cn.m3u 中有无法解析的行: https://smart.dxjc.pp.ua/smart.php?id=Thrill&token=tmxk
2025-11-16 04:24:53,197 - WARNING - url: https://tmxk.pp.ua/smart-cn.m3u 中有无法解析的行: https://smart.dxjc.pp.ua/smart.php?id=CGTN&token=tmxk
2025-11-16 04:24:53,197 - WARNING - url: https://tmxk.pp.ua/smart-cn.m3u 中有无法解析的行: https://smart.dxjc.pp.ua/smart.php?id=Hitsmovie&token=tmxk
2025-11-16 04:24:53,197 - WARNING - url: https://tmxk.pp.ua/smart-cn.m3u 中有无法解析的行: https://smart.dxjc.pp.ua/smart.php?id=AnimalPlanet&token=tmxk
2025-11-16 04:24:53,197 - WARNING - url: https://tmxk.pp.ua/smart-cn.m3u 中有无法解析的行: https://smart.dxjc.pp.ua/smart.php?id=cnbc_twn&token=tmxk
2025-11-16 04:24:53,197 - WARNING - url: https://tmxk.pp.ua/smart-cn.m3u 中有无法解析的行: https://smart.dxjc.pp.ua/smart.php?id=Tlc&token=tmxk
2025-11-16 04:24:53,197 - WARNING - url: https://tmxk.pp.ua/smart-cn.m3u 中有无法解析的行: https://smart.dxjc.pp.ua/smart.php?id=bbcworldnews_antik&token=tmxk
2025-11-16 04:24:53,197 - WARNING - url: https://tmxk.pp.ua/smart-cn.m3u 中有无法解析的行: https://smart.dxjc.pp.ua/smart.php?id=HGTV&token=tmxk
2025-11-16 04:24:53,198 - WARNING - url: https://tmxk.pp.ua/smart-cn.m3u 中有无法解析的行: https://smart.dxjc.pp.ua/smart.php?id=Axn&token=tmxk
2025-11-16 04:24:53,198 - WARNING - url: https://tmxk.pp.ua/smart-cn.m3u 中有无法解析的行: https://smart.dxjc.pp.ua/smart.php?id=tiankongf1&token=tmxk
2025-11-16 04:24:53,198 - WARNING - url: https://tmxk.pp.ua/smart-cn.m3u 中有无法解析的行: https://smart.dxjc.pp.ua/smart.php?id=tiankongcricket&token=tmxk
2025-11-16 04:24:53,198 - WARNING - url: https://tmxk.pp.ua/smart-cn.m3u 中有无法解析的行: https://smart.dxjc.pp.ua/smart.php?id=bloomberg_twn&token=tmxk
2025-11-16 04:24:53,198 - WARNING - url: https://tmxk.pp.ua/smart-cn.m3u 中有无法解析的行: https://smart.dxjc.pp.ua/smart.php?id=tiankongepl&token=tmxk
2025-11-16 04:24:53,198 - WARNING - url: https://tmxk.pp.ua/smart-cn.m3u 中有无法解析的行: https://smart.dxjc.pp.ua/smart.php?id=tiankongmain&token=tmxk
2025-11-16 04:24:53,198 - WARNING - url: https://tmxk.pp.ua/smart-cn.m3u 中有无法解析的行: https://smart.dxjc.pp.ua/smart.php?id=tiankongnews&token=tmxk
2025-11-16 04:24:53,198 - WARNING - url: https://tmxk.pp.ua/smart-cn.m3u 中有无法解析的行: https://smart.dxjc.pp.ua/smart.php?id=aljazeera_twn&token=tmxk
2025-11-16 04:24:53,198 - INFO - url: https://tmxk.pp.ua/smart-cn.m3u 爬取成功✅，包含频道分类: GPT-香港, GPT-台湾, GPT-央视, GPT-电影, GPT-记录, GPT-新闻, GPT-儿童, GPT-体育, GPT-新加坡, GPT-马来西亚, GPT-印尼, GPT-印度, GPT-泰国, GPT-英国, 无分类
2025-11-16 04:24:53,334 - INFO - url: https://raw.githubusercontent.com/Guovin/iptv-api/refs/heads/master/output/result.txt 识别为非标准格式，将使用默认分类“无分类”
2025-11-16 04:24:53,340 - INFO - url: https://raw.githubusercontent.com/Guovin/iptv-api/refs/heads/master/output/result.txt 爬取成功✅，包含频道分类: 无分类
